C51 COMPILER V9.55   DS18B20                                                               04/28/2024 17:03:00 PAGE 1   


C51 COMPILER V9.55, COMPILATION OF MODULE DS18B20
OBJECT MODULE PLACED IN .\Objects\ds18b20.obj
COMPILER INVOKED BY: D:\Ange_Y\C51\C51 keil\C51\BIN\C51.EXE ds18b20.c OMF2 OPTIMIZE(8,SPEED) BROWSE DEBUG PRINT(.\Listin
                    -gs\ds18b20.lst) OBJECT(.\Objects\ds18b20.obj)

line level    source

   1          #include "ds18b20.h"
   2          
   3          sbit DS18B20_PIN = P1^0;
   4          
   5          
   6          void Delay500us()               //@11.0592MHz
   7          {
   8   1              unsigned char data i, j;
   9   1      
  10   1              _nop_();
  11   1              _nop_();
  12   1              i = 6;
  13   1              j = 93;
  14   1              do
  15   1              {
  16   2                      while (--j);
  17   2              } while (--i);
  18   1      }
  19          
  20          void Delay80us()                //@11.0592MHz
  21          {
  22   1              unsigned char data i;
  23   1      
  24   1              _nop_();
  25   1              _nop_();
  26   1              _nop_();
  27   1              i = 218;
  28   1              while (--i);
  29   1      }
  30          
  31          void Delay10us()                //@11.0592MHz
  32          {
  33   1              unsigned char data i;
  34   1      
  35   1              _nop_();
  36   1              i = 25;
  37   1              while (--i);
  38   1      }
  39          void Delay50us()                //@11.0592MHz
  40          {
  41   1              unsigned char data i;
  42   1      
  43   1              _nop_();
  44   1              _nop_();
  45   1              _nop_();
  46   1              i = 135;
  47   1              while (--i);
  48   1      }
  49          void Delay5us()         //@11.0592MHz
  50          {
  51   1              unsigned char data i;
  52   1      
  53   1              _nop_();
  54   1              i = 11;
C51 COMPILER V9.55   DS18B20                                                               04/28/2024 17:03:00 PAGE 2   

  55   1              while (--i);
  56   1      }
  57          void Delay100ms()               //@11.0592MHz
  58          {
  59   1              unsigned char data i, j, k;
  60   1      
  61   1              _nop_();
  62   1              _nop_();
  63   1              i = 5;
  64   1              j = 52;
  65   1              k = 195;
  66   1              do
  67   1              {
  68   2                      do
  69   2                      {
  70   3                              while (--k);
  71   3                      } while (--j);
  72   2              } while (--i);
  73   1      }
  74          
  75          
  76          unsigned char ds18b20_reset() {
  77   1              
  78   1              unsigned char presence;
  79   1              DS18B20_PIN = 1;
  80   1              DS18B20_PIN = 0;
  81   1              Delay500us();
  82   1              DS18B20_PIN = 1;
  83   1              Delay80us();
  84   1              presence = DS18B20_PIN;
  85   1              Delay500us();
  86   1          return presence;
  87   1      }
  88          
  89          void ds18b20_write_bit(unsigned char dat) {
  90   1          DS18B20_PIN = 0;
  91   1              Delay10us();
  92   1              DS18B20_PIN = dat ;
  93   1              Delay50us();
  94   1              DS18B20_PIN = 1;
  95   1              
  96   1      }
  97          
  98          unsigned char ds18b20_read_bit(void) {
  99   1          unsigned char dat;
 100   1              DS18B20_PIN = 0;
 101   1              Delay5us();
 102   1              DS18B20_PIN = 1;
 103   1              Delay5us();
 104   1              dat = DS18B20_PIN;
 105   1              Delay50us();
 106   1          return dat;
 107   1      }
 108          void ds18b20_write_byte(unsigned char dat){
 109   1              unsigned char i;
 110   1              for(i = 0; i<8;i++){
 111   2                      ds18b20_write_bit(dat&(0x01<<i));
 112   2              }
 113   1      }
 114          unsigned char ds18b20_read_byte(void){
 115   1              unsigned char i,byte=0x00;
 116   1              for(i=0;i<8;i++){
C51 COMPILER V9.55   DS18B20                                                               04/28/2024 17:03:00 PAGE 3   

 117   2                      if(ds18b20_read_bit()) 
 118   2                              byte |=(0x01<<i);
 119   2              }
 120   1              return byte;
 121   1      }
 122          void ds18b20_convert(void){
 123   1              ds18b20_reset();
 124   1              ds18b20_write_byte(0xCC);
 125   1              ds18b20_write_byte(0x44);       
 126   1      }
 127          
 128          float ds18b20_readtemp(void){
 129   1              unsigned char tlsb,tmsb;
 130   1              int temp;
 131   1              float tt;
 132   1              ds18b20_reset();
 133   1              ds18b20_write_byte(0xCC);
 134   1              ds18b20_write_byte(0xBE);       
 135   1              
 136   1              tlsb = ds18b20_read_byte();
 137   1              tmsb = ds18b20_read_byte();
 138   1              
 139   1              temp = (tmsb<<8)|tlsb;
 140   1      
 141   1              tt = (int)((temp / 16.0) * 10 + 0.5) / 10.0;
 142   1              
 143   1              return tt;      
 144   1      }


MODULE INFORMATION:   STATIC OVERLAYABLE
   CODE SIZE        =    264    ----
   CONSTANT SIZE    =   ----    ----
   XDATA SIZE       =   ----    ----
   PDATA SIZE       =   ----    ----
   DATA SIZE        =   ----    ----
   IDATA SIZE       =   ----    ----
   BIT SIZE         =   ----    ----
   EDATA SIZE       =   ----    ----
   HDATA SIZE       =   ----    ----
   XDATA CONST SIZE =   ----    ----
   FAR CONST SIZE   =   ----    ----
END OF MODULE INFORMATION.


C51 COMPILATION COMPLETE.  0 WARNING(S),  0 ERROR(S)
