C51 COMPILER V9.54   KEYBTN                                                                12/25/2024 14:15:46 PAGE 1   


C51 COMPILER V9.54, COMPILATION OF MODULE KEYBTN
OBJECT MODULE PLACED IN .\Objects\keybtn.obj
COMPILER INVOKED BY: E:\keil5\C51\BIN\C51.EXE keybtn.c OMF2 OPTIMIZE(8,SPEED) BROWSE DEBUG PRINT(.\Listings\keybtn.lst) 
                    -OBJECT(.\Objects\keybtn.obj)

line level    source

   1          #include "keybtn.h"
   2          


MODULE INFORMATION:   STATIC OVERLAYABLE
   CODE SIZE        =   ----    ----
   CONSTANT SIZE    =   ----    ----
   XDATA SIZE       =   ----    ----
   PDATA SIZE       =   ----    ----
   DATA SIZE        =   ----    ----
   IDATA SIZE       =   ----    ----
   BIT SIZE         =   ----    ----
   EDATA SIZE       =   ----    ----
   HDATA SIZE       =   ----    ----
   XDATA CONST SIZE =   ----    ----
   FAR CONST SIZE   =   ----    ----
END OF MODULE INFORMATION.


C51 COMPILATION COMPLETE.  0 WARNING(S),  0 ERROR(S)
