C51 COMPILER V9.54   MAIN                                                                  12/25/2024 14:15:44 PAGE 1   


C51 COMPILER V9.54, COMPILATION OF MODULE MAIN
OBJECT MODULE PLACED IN .\Objects\main.obj
COMPILER INVOKED BY: E:\keil5\C51\BIN\C51.EXE main.c OMF2 OPTIMIZE(8,SPEED) BROWSE DEBUG PRINT(.\Listings\main.lst) OBJE
                    -CT(.\Objects\main.obj)

line level    source

   1          #include <STC15.h>
   2          #include "ds18b20.h"
   3          #include "UART.h"
   4          #include "Delay.h"
   5          #include "oled.h"
   6          #include "PWM.h"
   7          #include "pid.h"
   8          #include "LED.h"
   9          int a = 0;
  10          float oledt[4];
  11          unsigned long nPWM;
  12          extern float temp;
  13          
  14          void main() {
  15   1              float T = 0.0;
  16   1              P0M0 = 0x00; P0M1 = 0x00; //GPIO初始化，设置为准双向口
  17   1              OLED_Init();
  18   1              OLED_Clear();   
  19   1      //      Xianshi_32X32(0,0);
  20   1              PWM_Init();
  21   1              UartInit();
  22   1              printf("ds18b20 test\r\n");
  23   1      
  24   1              Delay100ms(); Delay100ms(); Delay100ms(); Delay100ms(); Delay100ms(); Delay100ms(); 
  25   1              Delay100ms(); Delay100ms(); Delay100ms(); Delay100ms(); Delay100ms(); Delay100ms(); 
  26   1              Delay100ms(); Delay100ms(); Delay100ms(); Delay100ms(); Delay100ms(); Delay100ms(); 
  27   1              Delay100ms(); Delay100ms(); Delay100ms(); Delay100ms(); Delay100ms(); Delay100ms(); 
  28   1      
  29   1          while (1) {
  30   2                      
  31   2                      PWM_Init();
  32   2                      ds18b20_convert();
  33   2                      Delay100ms(); 
  34   2              temp = ds18b20_readtemp();
  35   2                      T = 0.0;
  36   2                      if((temp>=0.1||temp<=-0.1)&&(fabs(T-temp)>0.1)) T = temp;
  37   2                      
  38   2                      DS18B20_ShowTemp(0,0,T);
  39   2                      
  40   2                      PWM_PID();
  41   2                      
  42   2              printf("Temp = %.1f     ", temp);
  43   2              printf("PWM = %ld\r\n",nPWM);
  44   2      
  45   2          }
  46   1      }
  47          
  48          
  49          


MODULE INFORMATION:   STATIC OVERLAYABLE
   CODE SIZE        =    293    ----
   CONSTANT SIZE    =     40    ----
C51 COMPILER V9.54   MAIN                                                                  12/25/2024 14:15:44 PAGE 2   

   XDATA SIZE       =   ----    ----
   PDATA SIZE       =   ----    ----
   DATA SIZE        =     22       4
   IDATA SIZE       =   ----    ----
   BIT SIZE         =   ----    ----
   EDATA SIZE       =   ----    ----
   HDATA SIZE       =   ----    ----
   XDATA CONST SIZE =   ----    ----
   FAR CONST SIZE   =   ----    ----
END OF MODULE INFORMATION.


C51 COMPILATION COMPLETE.  0 WARNING(S),  0 ERROR(S)
