C51 COMPILER V9.55   OLED_FONG                                                             05/20/2024 14:30:33 PAGE 1   


C51 COMPILER V9.55, COMPILATION OF MODULE OLED_FONG
OBJECT MODULE PLACED IN .\Objects\oled_fong.obj
COMPILER INVOKED BY: D:\Ange_Y\C51\C51 keil\C51\BIN\C51.EXE oled_fong.c OMF2 OPTIMIZE(8,SPEED) BROWSE DEBUG PRINT(.\List
                    -ings\oled_fong.lst) OBJECT(.\Objects\oled_fong.obj)

line level    source

   1          #include "oled_fong.h"
   2          /* 16X16的像素点 */
   3          
   4          const unsigned char code F6x8[][6] =
   5          {
   6          0x00, 0x00, 0x00, 0x00, 0x00, 0x00,// sp
   7          0x00, 0x00, 0x00, 0x2f, 0x00, 0x00,// !
   8          0x00, 0x00, 0x07, 0x00, 0x07, 0x00,// "
   9          0x00, 0x14, 0x7f, 0x14, 0x7f, 0x14,// #
  10          0x00, 0x24, 0x2a, 0x7f, 0x2a, 0x12,// $
  11          0x00, 0x62, 0x64, 0x08, 0x13, 0x23,// %
  12          0x00, 0x36, 0x49, 0x55, 0x22, 0x50,// &
  13          0x00, 0x00, 0x05, 0x03, 0x00, 0x00,// '
  14          0x00, 0x00, 0x1c, 0x22, 0x41, 0x00,// (
  15          0x00, 0x00, 0x41, 0x22, 0x1c, 0x00,// )
  16          0x00, 0x14, 0x08, 0x3E, 0x08, 0x14,// *
  17          0x00, 0x08, 0x08, 0x3E, 0x08, 0x08,// +
  18          0x00, 0x00, 0x00, 0xA0, 0x60, 0x00,// ,
  19          0x00, 0x08, 0x08, 0x08, 0x08, 0x08,// -
  20          0x00, 0x00, 0x60, 0x60, 0x00, 0x00,// .
  21          0x00, 0x20, 0x10, 0x08, 0x04, 0x02,// /
  22          0x00, 0x3E, 0x51, 0x49, 0x45, 0x3E,// 0
  23          0x00, 0x00, 0x42, 0x7F, 0x40, 0x00,// 1
  24          0x00, 0x42, 0x61, 0x51, 0x49, 0x46,// 2
  25          0x00, 0x21, 0x41, 0x45, 0x4B, 0x31,// 3
  26          0x00, 0x18, 0x14, 0x12, 0x7F, 0x10,// 4
  27          0x00, 0x27, 0x45, 0x45, 0x45, 0x39,// 5
  28          0x00, 0x3C, 0x4A, 0x49, 0x49, 0x30,// 6
  29          0x00, 0x01, 0x71, 0x09, 0x05, 0x03,// 7
  30          0x00, 0x36, 0x49, 0x49, 0x49, 0x36,// 8
  31          0x00, 0x06, 0x49, 0x49, 0x29, 0x1E,// 9
  32          0x00, 0x00, 0x36, 0x36, 0x00, 0x00,// :
  33          0x00, 0x00, 0x56, 0x36, 0x00, 0x00,// ;
  34          0x00, 0x08, 0x14, 0x22, 0x41, 0x00,// <
  35          0x00, 0x14, 0x14, 0x14, 0x14, 0x14,// =
  36          0x00, 0x00, 0x41, 0x22, 0x14, 0x08,// >
  37          0x00, 0x02, 0x01, 0x51, 0x09, 0x06,// ?
  38          0x00, 0x32, 0x49, 0x59, 0x51, 0x3E,// @
  39          0x00, 0x7C, 0x12, 0x11, 0x12, 0x7C,// A
  40          0x00, 0x7F, 0x49, 0x49, 0x49, 0x36,// B
  41          0x00, 0x3E, 0x41, 0x41, 0x41, 0x22,// C
  42          0x00, 0x7F, 0x41, 0x41, 0x22, 0x1C,// D
  43          0x00, 0x7F, 0x49, 0x49, 0x49, 0x41,// E
  44          0x00, 0x7F, 0x09, 0x09, 0x09, 0x01,// F
  45          0x00, 0x3E, 0x41, 0x49, 0x49, 0x7A,// G
  46          0x00, 0x7F, 0x08, 0x08, 0x08, 0x7F,// H
  47          0x00, 0x00, 0x41, 0x7F, 0x41, 0x00,// I
  48          0x00, 0x20, 0x40, 0x41, 0x3F, 0x01,// J
  49          0x00, 0x7F, 0x08, 0x14, 0x22, 0x41,// K
  50          0x00, 0x7F, 0x40, 0x40, 0x40, 0x40,// L
  51          0x00, 0x7F, 0x02, 0x0C, 0x02, 0x7F,// M
  52          0x00, 0x7F, 0x04, 0x08, 0x10, 0x7F,// N
  53          0x00, 0x3E, 0x41, 0x41, 0x41, 0x3E,// O
  54          0x00, 0x7F, 0x09, 0x09, 0x09, 0x06,// P
C51 COMPILER V9.55   OLED_FONG                                                             05/20/2024 14:30:33 PAGE 2   

  55          0x00, 0x3E, 0x41, 0x51, 0x21, 0x5E,// Q
  56          0x00, 0x7F, 0x09, 0x19, 0x29, 0x46,// R
  57          0x00, 0x46, 0x49, 0x49, 0x49, 0x31,// S
  58          0x00, 0x01, 0x01, 0x7F, 0x01, 0x01,// T
  59          0x00, 0x3F, 0x40, 0x40, 0x40, 0x3F,// U
  60          0x00, 0x1F, 0x20, 0x40, 0x20, 0x1F,// V
  61          0x00, 0x3F, 0x40, 0x38, 0x40, 0x3F,// W
  62          0x00, 0x63, 0x14, 0x08, 0x14, 0x63,// X
  63          0x00, 0x07, 0x08, 0x70, 0x08, 0x07,// Y
  64          0x00, 0x61, 0x51, 0x49, 0x45, 0x43,// Z
  65          0x00, 0x00, 0x7F, 0x41, 0x41, 0x00,// [
  66          0x00, 0x55, 0x2A, 0x55, 0x2A, 0x55,// 55
  67          0x00, 0x00, 0x41, 0x41, 0x7F, 0x00,// ]
  68          0x00, 0x04, 0x02, 0x01, 0x02, 0x04,// ^
  69          0x00, 0x40, 0x40, 0x40, 0x40, 0x40,// _
  70          0x00, 0x00, 0x01, 0x02, 0x04, 0x00,// '
  71          0x00, 0x20, 0x54, 0x54, 0x54, 0x78,// a
  72          0x00, 0x7F, 0x48, 0x44, 0x44, 0x38,// b
  73          0x00, 0x38, 0x44, 0x44, 0x44, 0x20,// c
  74          0x00, 0x38, 0x44, 0x44, 0x48, 0x7F,// d
  75          0x00, 0x38, 0x54, 0x54, 0x54, 0x18,// e
  76          0x00, 0x08, 0x7E, 0x09, 0x01, 0x02,// f
  77          0x00, 0x18, 0xA4, 0xA4, 0xA4, 0x7C,// g
  78          0x00, 0x7F, 0x08, 0x04, 0x04, 0x78,// h
  79          0x00, 0x00, 0x44, 0x7D, 0x40, 0x00,// i
  80          0x00, 0x40, 0x80, 0x84, 0x7D, 0x00,// j
  81          0x00, 0x7F, 0x10, 0x28, 0x44, 0x00,// k
  82          0x00, 0x00, 0x41, 0x7F, 0x40, 0x00,// l
  83          0x00, 0x7C, 0x04, 0x18, 0x04, 0x78,// m
  84          0x00, 0x7C, 0x08, 0x04, 0x04, 0x78,// n
  85          0x00, 0x38, 0x44, 0x44, 0x44, 0x38,// o
  86          0x00, 0xFC, 0x24, 0x24, 0x24, 0x18,// p
  87          0x00, 0x18, 0x24, 0x24, 0x18, 0xFC,// q
  88          0x00, 0x7C, 0x08, 0x04, 0x04, 0x08,// r
  89          0x00, 0x48, 0x54, 0x54, 0x54, 0x20,// s
  90          0x00, 0x04, 0x3F, 0x44, 0x40, 0x20,// t
  91          0x00, 0x3C, 0x40, 0x40, 0x20, 0x7C,// u
  92          0x00, 0x1C, 0x20, 0x40, 0x20, 0x1C,// v
  93          0x00, 0x3C, 0x40, 0x30, 0x40, 0x3C,// w
  94          0x00, 0x44, 0x28, 0x10, 0x28, 0x44,// x
  95          0x00, 0x1C, 0xA0, 0xA0, 0xA0, 0x7C,// y
  96          0x00, 0x44, 0x64, 0x54, 0x4C, 0x44,// z
  97          0x14, 0x14, 0x14, 0x14, 0x14, 0x14,// horiz lines
  98          };
  99          ///****************************************8*16的点阵************************************/
 100          const unsigned char code F8X16[]=         
 101          {
 102            0x00,0x00,0x00,0x00,0x00,0x00,0x00,0x00,0x00,0x00,0x00,0x00,0x00,0x00,0x00,0x00,//  0
 103            0x00,0x00,0x00,0xF8,0x00,0x00,0x00,0x00,0x00,0x00,0x00,0x33,0x30,0x00,0x00,0x00,//! 1
 104            0x00,0x10,0x0C,0x06,0x10,0x0C,0x06,0x00,0x00,0x00,0x00,0x00,0x00,0x00,0x00,0x00,//" 2
 105            0x40,0xC0,0x78,0x40,0xC0,0x78,0x40,0x00,0x04,0x3F,0x04,0x04,0x3F,0x04,0x04,0x00,//# 3
 106            0x00,0x70,0x88,0xFC,0x08,0x30,0x00,0x00,0x00,0x18,0x20,0xFF,0x21,0x1E,0x00,0x00,//$ 4
 107            0xF0,0x08,0xF0,0x00,0xE0,0x18,0x00,0x00,0x00,0x21,0x1C,0x03,0x1E,0x21,0x1E,0x00,//% 5
 108            0x00,0xF0,0x08,0x88,0x70,0x00,0x00,0x00,0x1E,0x21,0x23,0x24,0x19,0x27,0x21,0x10,//& 6
 109            0x10,0x16,0x0E,0x00,0x00,0x00,0x00,0x00,0x00,0x00,0x00,0x00,0x00,0x00,0x00,0x00,//' 7
 110            0x00,0x00,0x00,0xE0,0x18,0x04,0x02,0x00,0x00,0x00,0x00,0x07,0x18,0x20,0x40,0x00,//( 8
 111            0x00,0x02,0x04,0x18,0xE0,0x00,0x00,0x00,0x00,0x40,0x20,0x18,0x07,0x00,0x00,0x00,//) 9
 112            0x40,0x40,0x80,0xF0,0x80,0x40,0x40,0x00,0x02,0x02,0x01,0x0F,0x01,0x02,0x02,0x00,//* 10
 113            0x00,0x00,0x00,0xF0,0x00,0x00,0x00,0x00,0x01,0x01,0x01,0x1F,0x01,0x01,0x01,0x00,//+ 11
 114            0x00,0x00,0x00,0x00,0x00,0x00,0x00,0x00,0x80,0xB0,0x70,0x00,0x00,0x00,0x00,0x00,//, 12
 115            0x00,0x00,0x00,0x00,0x00,0x00,0x00,0x00,0x00,0x01,0x01,0x01,0x01,0x01,0x01,0x01,//- 13
 116            0x00,0x00,0x00,0x00,0x00,0x00,0x00,0x00,0x00,0x30,0x30,0x00,0x00,0x00,0x00,0x00,//. 14
C51 COMPILER V9.55   OLED_FONG                                                             05/20/2024 14:30:33 PAGE 3   

 117            0x00,0x00,0x00,0x00,0x80,0x60,0x18,0x04,0x00,0x60,0x18,0x06,0x01,0x00,0x00,0x00,/// 15
 118            0x00,0xE0,0x10,0x08,0x08,0x10,0xE0,0x00,0x00,0x0F,0x10,0x20,0x20,0x10,0x0F,0x00,//0 16
 119            0x00,0x10,0x10,0xF8,0x00,0x00,0x00,0x00,0x00,0x20,0x20,0x3F,0x20,0x20,0x00,0x00,//1 17
 120            0x00,0x70,0x08,0x08,0x08,0x88,0x70,0x00,0x00,0x30,0x28,0x24,0x22,0x21,0x30,0x00,//2 18
 121            0x00,0x30,0x08,0x88,0x88,0x48,0x30,0x00,0x00,0x18,0x20,0x20,0x20,0x11,0x0E,0x00,//3 19
 122            0x00,0x00,0xC0,0x20,0x10,0xF8,0x00,0x00,0x00,0x07,0x04,0x24,0x24,0x3F,0x24,0x00,//4 20
 123            0x00,0xF8,0x08,0x88,0x88,0x08,0x08,0x00,0x00,0x19,0x21,0x20,0x20,0x11,0x0E,0x00,//5 21
 124            0x00,0xE0,0x10,0x88,0x88,0x18,0x00,0x00,0x00,0x0F,0x11,0x20,0x20,0x11,0x0E,0x00,//6 22
 125            0x00,0x38,0x08,0x08,0xC8,0x38,0x08,0x00,0x00,0x00,0x00,0x3F,0x00,0x00,0x00,0x00,//7 23
 126            0x00,0x70,0x88,0x08,0x08,0x88,0x70,0x00,0x00,0x1C,0x22,0x21,0x21,0x22,0x1C,0x00,//8 24
 127            0x00,0xE0,0x10,0x08,0x08,0x10,0xE0,0x00,0x00,0x00,0x31,0x22,0x22,0x11,0x0F,0x00,//9 25
 128            0x00,0x00,0x00,0xC0,0xC0,0x00,0x00,0x00,0x00,0x00,0x00,0x30,0x30,0x00,0x00,0x00,//: 26
 129            0x00,0x00,0x00,0x80,0x00,0x00,0x00,0x00,0x00,0x00,0x80,0x60,0x00,0x00,0x00,0x00,//; 27
 130            0x00,0x00,0x80,0x40,0x20,0x10,0x08,0x00,0x00,0x01,0x02,0x04,0x08,0x10,0x20,0x00,//< 28
 131            0x40,0x40,0x40,0x40,0x40,0x40,0x40,0x00,0x04,0x04,0x04,0x04,0x04,0x04,0x04,0x00,//= 29
 132            0x00,0x08,0x10,0x20,0x40,0x80,0x00,0x00,0x00,0x20,0x10,0x08,0x04,0x02,0x01,0x00,//> 30
 133            0x00,0x70,0x48,0x08,0x08,0x08,0xF0,0x00,0x00,0x00,0x00,0x30,0x36,0x01,0x00,0x00,//? 31
 134            0xC0,0x30,0xC8,0x28,0xE8,0x10,0xE0,0x00,0x07,0x18,0x27,0x24,0x23,0x14,0x0B,0x00,//@ 32
 135            0x00,0x00,0xC0,0x38,0xE0,0x00,0x00,0x00,0x20,0x3C,0x23,0x02,0x02,0x27,0x38,0x20,//A 33
 136            0x08,0xF8,0x88,0x88,0x88,0x70,0x00,0x00,0x20,0x3F,0x20,0x20,0x20,0x11,0x0E,0x00,//B 34
 137            0xC0,0x30,0x08,0x08,0x08,0x08,0x38,0x00,0x07,0x18,0x20,0x20,0x20,0x10,0x08,0x00,//C 35
 138            0x08,0xF8,0x08,0x08,0x08,0x10,0xE0,0x00,0x20,0x3F,0x20,0x20,0x20,0x10,0x0F,0x00,//D 36
 139            0x08,0xF8,0x88,0x88,0xE8,0x08,0x10,0x00,0x20,0x3F,0x20,0x20,0x23,0x20,0x18,0x00,//E 37
 140            0x08,0xF8,0x88,0x88,0xE8,0x08,0x10,0x00,0x20,0x3F,0x20,0x00,0x03,0x00,0x00,0x00,//F 38
 141            0xC0,0x30,0x08,0x08,0x08,0x38,0x00,0x00,0x07,0x18,0x20,0x20,0x22,0x1E,0x02,0x00,//G 39
 142            0x08,0xF8,0x08,0x00,0x00,0x08,0xF8,0x08,0x20,0x3F,0x21,0x01,0x01,0x21,0x3F,0x20,//H 40
 143            0x00,0x08,0x08,0xF8,0x08,0x08,0x00,0x00,0x00,0x20,0x20,0x3F,0x20,0x20,0x00,0x00,//I 41
 144            0x00,0x00,0x08,0x08,0xF8,0x08,0x08,0x00,0xC0,0x80,0x80,0x80,0x7F,0x00,0x00,0x00,//J 42
 145            0x08,0xF8,0x88,0xC0,0x28,0x18,0x08,0x00,0x20,0x3F,0x20,0x01,0x26,0x38,0x20,0x00,//K 43
 146            0x08,0xF8,0x08,0x00,0x00,0x00,0x00,0x00,0x20,0x3F,0x20,0x20,0x20,0x20,0x30,0x00,//L 44
 147            0x08,0xF8,0xF8,0x00,0xF8,0xF8,0x08,0x00,0x20,0x3F,0x00,0x3F,0x00,0x3F,0x20,0x00,//M 45
 148            0x08,0xF8,0x30,0xC0,0x00,0x08,0xF8,0x08,0x20,0x3F,0x20,0x00,0x07,0x18,0x3F,0x00,//N 46
 149            0xE0,0x10,0x08,0x08,0x08,0x10,0xE0,0x00,0x0F,0x10,0x20,0x20,0x20,0x10,0x0F,0x00,//O 47
 150            0x08,0xF8,0x08,0x08,0x08,0x08,0xF0,0x00,0x20,0x3F,0x21,0x01,0x01,0x01,0x00,0x00,//P 48
 151            0xE0,0x10,0x08,0x08,0x08,0x10,0xE0,0x00,0x0F,0x18,0x24,0x24,0x38,0x50,0x4F,0x00,//Q 49
 152            0x08,0xF8,0x88,0x88,0x88,0x88,0x70,0x00,0x20,0x3F,0x20,0x00,0x03,0x0C,0x30,0x20,//R 50
 153            0x00,0x70,0x88,0x08,0x08,0x08,0x38,0x00,0x00,0x38,0x20,0x21,0x21,0x22,0x1C,0x00,//S 51
 154            0x18,0x08,0x08,0xF8,0x08,0x08,0x18,0x00,0x00,0x00,0x20,0x3F,0x20,0x00,0x00,0x00,//T 52
 155            0x08,0xF8,0x08,0x00,0x00,0x08,0xF8,0x08,0x00,0x1F,0x20,0x20,0x20,0x20,0x1F,0x00,//U 53
 156            0x08,0x78,0x88,0x00,0x00,0xC8,0x38,0x08,0x00,0x00,0x07,0x38,0x0E,0x01,0x00,0x00,//V 54
 157            0xF8,0x08,0x00,0xF8,0x00,0x08,0xF8,0x00,0x03,0x3C,0x07,0x00,0x07,0x3C,0x03,0x00,//W 55
 158            0x08,0x18,0x68,0x80,0x80,0x68,0x18,0x08,0x20,0x30,0x2C,0x03,0x03,0x2C,0x30,0x20,//X 56
 159            0x08,0x38,0xC8,0x00,0xC8,0x38,0x08,0x00,0x00,0x00,0x20,0x3F,0x20,0x00,0x00,0x00,//Y 57
 160            0x10,0x08,0x08,0x08,0xC8,0x38,0x08,0x00,0x20,0x38,0x26,0x21,0x20,0x20,0x18,0x00,//Z 58
 161            0x00,0x00,0x00,0xFE,0x02,0x02,0x02,0x00,0x00,0x00,0x00,0x7F,0x40,0x40,0x40,0x00,//[ 59
 162            0x00,0x0C,0x30,0xC0,0x00,0x00,0x00,0x00,0x00,0x00,0x00,0x01,0x06,0x38,0xC0,0x00,//\ 60
 163            0x00,0x02,0x02,0x02,0xFE,0x00,0x00,0x00,0x00,0x40,0x40,0x40,0x7F,0x00,0x00,0x00,//] 61
 164            0x00,0x00,0x04,0x02,0x02,0x02,0x04,0x00,0x00,0x00,0x00,0x00,0x00,0x00,0x00,0x00,//^ 62
 165            0x00,0x00,0x00,0x00,0x00,0x00,0x00,0x00,0x80,0x80,0x80,0x80,0x80,0x80,0x80,0x80,//_ 63
 166            0x00,0x02,0x02,0x04,0x00,0x00,0x00,0x00,0x00,0x00,0x00,0x00,0x00,0x00,0x00,0x00,//` 64
 167            0x00,0x00,0x80,0x80,0x80,0x80,0x00,0x00,0x00,0x19,0x24,0x22,0x22,0x22,0x3F,0x20,//a 65
 168            0x08,0xF8,0x00,0x80,0x80,0x00,0x00,0x00,0x00,0x3F,0x11,0x20,0x20,0x11,0x0E,0x00,//b 66
 169            0x00,0x00,0x00,0x80,0x80,0x80,0x00,0x00,0x00,0x0E,0x11,0x20,0x20,0x20,0x11,0x00,//c 67
 170            0x00,0x00,0x00,0x80,0x80,0x88,0xF8,0x00,0x00,0x0E,0x11,0x20,0x20,0x10,0x3F,0x20,//d 68
 171            0x00,0x00,0x80,0x80,0x80,0x80,0x00,0x00,0x00,0x1F,0x22,0x22,0x22,0x22,0x13,0x00,//e 69
 172            0x00,0x80,0x80,0xF0,0x88,0x88,0x88,0x18,0x00,0x20,0x20,0x3F,0x20,0x20,0x00,0x00,//f 70
 173            0x00,0x00,0x80,0x80,0x80,0x80,0x80,0x00,0x00,0x6B,0x94,0x94,0x94,0x93,0x60,0x00,//g 71
 174            0x08,0xF8,0x00,0x80,0x80,0x80,0x00,0x00,0x20,0x3F,0x21,0x00,0x00,0x20,0x3F,0x20,//h 72
 175            0x00,0x80,0x98,0x98,0x00,0x00,0x00,0x00,0x00,0x20,0x20,0x3F,0x20,0x20,0x00,0x00,//i 73
 176            0x00,0x00,0x00,0x80,0x98,0x98,0x00,0x00,0x00,0xC0,0x80,0x80,0x80,0x7F,0x00,0x00,//j 74
 177            0x08,0xF8,0x00,0x00,0x80,0x80,0x80,0x00,0x20,0x3F,0x24,0x02,0x2D,0x30,0x20,0x00,//k 75
 178            0x00,0x08,0x08,0xF8,0x00,0x00,0x00,0x00,0x00,0x20,0x20,0x3F,0x20,0x20,0x00,0x00,//l 76
C51 COMPILER V9.55   OLED_FONG                                                             05/20/2024 14:30:33 PAGE 4   

 179            0x80,0x80,0x80,0x80,0x80,0x80,0x80,0x00,0x20,0x3F,0x20,0x00,0x3F,0x20,0x00,0x3F,//m 77
 180            0x80,0x80,0x00,0x80,0x80,0x80,0x00,0x00,0x20,0x3F,0x21,0x00,0x00,0x20,0x3F,0x20,//n 78
 181            0x00,0x00,0x80,0x80,0x80,0x80,0x00,0x00,0x00,0x1F,0x20,0x20,0x20,0x20,0x1F,0x00,//o 79
 182            0x80,0x80,0x00,0x80,0x80,0x00,0x00,0x00,0x80,0xFF,0xA1,0x20,0x20,0x11,0x0E,0x00,//p 80
 183            0x00,0x00,0x00,0x80,0x80,0x80,0x80,0x00,0x00,0x0E,0x11,0x20,0x20,0xA0,0xFF,0x80,//q 81
 184            0x80,0x80,0x80,0x00,0x80,0x80,0x80,0x00,0x20,0x20,0x3F,0x21,0x20,0x00,0x01,0x00,//r 82
 185            0x00,0x00,0x80,0x80,0x80,0x80,0x80,0x00,0x00,0x33,0x24,0x24,0x24,0x24,0x19,0x00,//s 83
 186            0x00,0x80,0x80,0xE0,0x80,0x80,0x00,0x00,0x00,0x00,0x00,0x1F,0x20,0x20,0x00,0x00,//t 84
 187            0x80,0x80,0x00,0x00,0x00,0x80,0x80,0x00,0x00,0x1F,0x20,0x20,0x20,0x10,0x3F,0x20,//u 85
 188            0x80,0x80,0x80,0x00,0x00,0x80,0x80,0x80,0x00,0x01,0x0E,0x30,0x08,0x06,0x01,0x00,//v 86
 189            0x80,0x80,0x00,0x80,0x00,0x80,0x80,0x80,0x0F,0x30,0x0C,0x03,0x0C,0x30,0x0F,0x00,//w 87
 190            0x00,0x80,0x80,0x00,0x80,0x80,0x80,0x00,0x00,0x20,0x31,0x2E,0x0E,0x31,0x20,0x00,//x 88
 191            0x80,0x80,0x80,0x00,0x00,0x80,0x80,0x80,0x80,0x81,0x8E,0x70,0x18,0x06,0x01,0x00,//y 89
 192            0x00,0x80,0x80,0x80,0x80,0x80,0x80,0x00,0x00,0x21,0x30,0x2C,0x22,0x21,0x30,0x00,//z 90
 193            0x00,0x00,0x00,0x00,0x80,0x7C,0x02,0x02,0x00,0x00,0x00,0x00,0x00,0x3F,0x40,0x40,//{ 91
 194            0x00,0x00,0x00,0x00,0xFF,0x00,0x00,0x00,0x00,0x00,0x00,0x00,0xFF,0x00,0x00,0x00,//| 92
 195            0x00,0x02,0x02,0x7C,0x80,0x00,0x00,0x00,0x00,0x40,0x40,0x3F,0x00,0x00,0x00,0x00,//} 93
 196            0x00,0x06,0x01,0x01,0x02,0x02,0x04,0x04,0x00,0x00,0x00,0x00,0x00,0x00,0x00,0x00,//~ 94
 197          };
 198          
 199          
 200          //16*16 ASCII字符集点阵
 201          const unsigned char code F16X16[][16]={   
 202          {0x00,0x00,0x00,0x00,0x00,0x00,0x00,0x00,0x00,0x00,0x00,0x00,0x00,0x00,0x00,0x00},/*" ",0*/
 203          {0x00,0x00,0x00,0xF8,0x00,0x00,0x00,0x00,0x00,0x00,0x00,0x33,0x30,0x00,0x00,0x00},/*"!",1*/
 204          {0x00,0x10,0x0C,0x06,0x10,0x0C,0x06,0x00,0x00,0x00,0x00,0x00,0x00,0x00,0x00,0x00},/*""",2*/
 205          {0x40,0xC0,0x78,0x40,0xC0,0x78,0x40,0x00,0x04,0x3F,0x04,0x04,0x3F,0x04,0x04,0x00},/*"#",3*/
 206          {0x00,0x70,0x88,0xFC,0x08,0x30,0x00,0x00,0x00,0x18,0x20,0xFF,0x21,0x1E,0x00,0x00},/*"$",4*/
 207          {0xF0,0x08,0xF0,0x00,0xE0,0x18,0x00,0x00,0x00,0x21,0x1C,0x03,0x1E,0x21,0x1E,0x00},/*"%",5*/
 208          {0x00,0xF0,0x08,0x88,0x70,0x00,0x00,0x00,0x1E,0x21,0x23,0x24,0x19,0x27,0x21,0x10},/*"&",6*/
 209          {0x10,0x16,0x0E,0x00,0x00,0x00,0x00,0x00,0x00,0x00,0x00,0x00,0x00,0x00,0x00,0x00},/*"'",7*/
 210          {0x00,0x00,0x00,0xE0,0x18,0x04,0x02,0x00,0x00,0x00,0x00,0x07,0x18,0x20,0x40,0x00},/*"(",8*/
 211          {0x00,0x02,0x04,0x18,0xE0,0x00,0x00,0x00,0x00,0x40,0x20,0x18,0x07,0x00,0x00,0x00},/*")",9*/
 212          {0x40,0x40,0x80,0xF0,0x80,0x40,0x40,0x00,0x02,0x02,0x01,0x0F,0x01,0x02,0x02,0x00},/*"*",10*/
 213          {0x00,0x00,0x00,0xF0,0x00,0x00,0x00,0x00,0x01,0x01,0x01,0x1F,0x01,0x01,0x01,0x00},/*"+",11*/
 214          {0x00,0x00,0x00,0x00,0x00,0x00,0x00,0x00,0x80,0xB0,0x70,0x00,0x00,0x00,0x00,0x00},/*",",12*/
 215          {0x00,0x00,0x00,0x00,0x00,0x00,0x00,0x00,0x00,0x01,0x01,0x01,0x01,0x01,0x01,0x01},/*"-",13*/
 216          {0x00,0x00,0x00,0x00,0x00,0x00,0x00,0x00,0x00,0x30,0x30,0x00,0x00,0x00,0x00,0x00},/*".",14*/
 217          {0x00,0x00,0x00,0x00,0x80,0x60,0x18,0x04,0x00,0x60,0x18,0x06,0x01,0x00,0x00,0x00},/*"/",15*/
 218          {0x00,0xE0,0x10,0x08,0x08,0x10,0xE0,0x00,0x00,0x0F,0x10,0x20,0x20,0x10,0x0F,0x00},/*"0",16*/
 219          {0x00,0x10,0x10,0xF8,0x00,0x00,0x00,0x00,0x00,0x20,0x20,0x3F,0x20,0x20,0x00,0x00},/*"1",17*/
 220          {0x00,0x70,0x08,0x08,0x08,0x88,0x70,0x00,0x00,0x30,0x28,0x24,0x22,0x21,0x30,0x00},/*"2",18*/
 221          {0x00,0x30,0x08,0x88,0x88,0x48,0x30,0x00,0x00,0x18,0x20,0x20,0x20,0x11,0x0E,0x00},/*"3",19*/
 222          {0x00,0x00,0xC0,0x20,0x10,0xF8,0x00,0x00,0x00,0x07,0x04,0x24,0x24,0x3F,0x24,0x00},/*"4",20*/
 223          {0x00,0xF8,0x08,0x88,0x88,0x08,0x08,0x00,0x00,0x19,0x21,0x20,0x20,0x11,0x0E,0x00},/*"5",21*/
 224          {0x00,0xE0,0x10,0x88,0x88,0x18,0x00,0x00,0x00,0x0F,0x11,0x20,0x20,0x11,0x0E,0x00},/*"6",22*/
 225          {0x00,0x38,0x08,0x08,0xC8,0x38,0x08,0x00,0x00,0x00,0x00,0x3F,0x00,0x00,0x00,0x00},/*"7",23*/
 226          {0x00,0x70,0x88,0x08,0x08,0x88,0x70,0x00,0x00,0x1C,0x22,0x21,0x21,0x22,0x1C,0x00},/*"8",24*/
 227          {0x00,0xE0,0x10,0x08,0x08,0x10,0xE0,0x00,0x00,0x00,0x31,0x22,0x22,0x11,0x0F,0x00},/*"9",25*/
 228          {0x00,0x00,0x00,0xC0,0xC0,0x00,0x00,0x00,0x00,0x00,0x00,0x30,0x30,0x00,0x00,0x00},/*":",26*/
 229          {0x00,0x00,0x00,0x80,0x00,0x00,0x00,0x00,0x00,0x00,0x80,0x60,0x00,0x00,0x00,0x00},/*";",27*/
 230          {0x00,0x00,0x80,0x40,0x20,0x10,0x08,0x00,0x00,0x01,0x02,0x04,0x08,0x10,0x20,0x00},/*"<",28*/
 231          {0x40,0x40,0x40,0x40,0x40,0x40,0x40,0x00,0x04,0x04,0x04,0x04,0x04,0x04,0x04,0x00},/*"=",29*/
 232          {0x00,0x08,0x10,0x20,0x40,0x80,0x00,0x00,0x00,0x20,0x10,0x08,0x04,0x02,0x01,0x00},/*">",30*/
 233          {0x00,0x70,0x48,0x08,0x08,0x08,0xF0,0x00,0x00,0x00,0x00,0x30,0x36,0x01,0x00,0x00},/*"?",31*/
 234          {0xC0,0x30,0xC8,0x28,0xE8,0x10,0xE0,0x00,0x07,0x18,0x27,0x24,0x23,0x14,0x0B,0x00},/*"@",32*/
 235          {0x00,0x00,0xC0,0x38,0xE0,0x00,0x00,0x00,0x20,0x3C,0x23,0x02,0x02,0x27,0x38,0x20},/*"A",33*/
 236          {0x08,0xF8,0x88,0x88,0x88,0x70,0x00,0x00,0x20,0x3F,0x20,0x20,0x20,0x11,0x0E,0x00},/*"B",34*/
 237          {0xC0,0x30,0x08,0x08,0x08,0x08,0x38,0x00,0x07,0x18,0x20,0x20,0x20,0x10,0x08,0x00},/*"C",35*/
 238          {0x08,0xF8,0x08,0x08,0x08,0x10,0xE0,0x00,0x20,0x3F,0x20,0x20,0x20,0x10,0x0F,0x00},/*"D",36*/
 239          {0x08,0xF8,0x88,0x88,0xE8,0x08,0x10,0x00,0x20,0x3F,0x20,0x20,0x23,0x20,0x18,0x00},/*"E",37*/
 240          {0x08,0xF8,0x88,0x88,0xE8,0x08,0x10,0x00,0x20,0x3F,0x20,0x00,0x03,0x00,0x00,0x00},/*"F",38*/
C51 COMPILER V9.55   OLED_FONG                                                             05/20/2024 14:30:33 PAGE 5   

 241          {0xC0,0x30,0x08,0x08,0x08,0x38,0x00,0x00,0x07,0x18,0x20,0x20,0x22,0x1E,0x02,0x00},/*"G",39*/
 242          {0x08,0xF8,0x08,0x00,0x00,0x08,0xF8,0x08,0x20,0x3F,0x21,0x01,0x01,0x21,0x3F,0x20},/*"H",40*/
 243          {0x00,0x08,0x08,0xF8,0x08,0x08,0x00,0x00,0x00,0x20,0x20,0x3F,0x20,0x20,0x00,0x00},/*"I",41*/
 244          {0x00,0x00,0x08,0x08,0xF8,0x08,0x08,0x00,0xC0,0x80,0x80,0x80,0x7F,0x00,0x00,0x00},/*"J",42*/
 245          {0x08,0xF8,0x88,0xC0,0x28,0x18,0x08,0x00,0x20,0x3F,0x20,0x01,0x26,0x38,0x20,0x00},/*"K",43*/
 246          {0x08,0xF8,0x08,0x00,0x00,0x00,0x00,0x00,0x20,0x3F,0x20,0x20,0x20,0x20,0x30,0x00},/*"L",44*/
 247          {0x08,0xF8,0xF8,0x00,0xF8,0xF8,0x08,0x00,0x20,0x3F,0x00,0x3F,0x00,0x3F,0x20,0x00},/*"M",45*/
 248          {0x08,0xF8,0x30,0xC0,0x00,0x08,0xF8,0x08,0x20,0x3F,0x20,0x00,0x07,0x18,0x3F,0x00},/*"N",46*/
 249          {0xE0,0x10,0x08,0x08,0x08,0x10,0xE0,0x00,0x0F,0x10,0x20,0x20,0x20,0x10,0x0F,0x00},/*"O",47*/
 250          {0x08,0xF8,0x08,0x08,0x08,0x08,0xF0,0x00,0x20,0x3F,0x21,0x01,0x01,0x01,0x00,0x00},/*"P",48*/
 251          {0xE0,0x10,0x08,0x08,0x08,0x10,0xE0,0x00,0x0F,0x18,0x24,0x24,0x38,0x50,0x4F,0x00},/*"Q",49*/
 252          {0x08,0xF8,0x88,0x88,0x88,0x88,0x70,0x00,0x20,0x3F,0x20,0x00,0x03,0x0C,0x30,0x20},/*"R",50*/
 253          {0x00,0x70,0x88,0x08,0x08,0x08,0x38,0x00,0x00,0x38,0x20,0x21,0x21,0x22,0x1C,0x00},/*"S",51*/
 254          {0x18,0x08,0x08,0xF8,0x08,0x08,0x18,0x00,0x00,0x00,0x20,0x3F,0x20,0x00,0x00,0x00},/*"T",52*/
 255          {0x08,0xF8,0x08,0x00,0x00,0x08,0xF8,0x08,0x00,0x1F,0x20,0x20,0x20,0x20,0x1F,0x00},/*"U",53*/
 256          {0x08,0x78,0x88,0x00,0x00,0xC8,0x38,0x08,0x00,0x00,0x07,0x38,0x0E,0x01,0x00,0x00},/*"V",54*/
 257          {0xF8,0x08,0x00,0xF8,0x00,0x08,0xF8,0x00,0x03,0x3C,0x07,0x00,0x07,0x3C,0x03,0x00},/*"W",55*/
 258          {0x08,0x18,0x68,0x80,0x80,0x68,0x18,0x08,0x20,0x30,0x2C,0x03,0x03,0x2C,0x30,0x20},/*"X",56*/
 259          {0x08,0x38,0xC8,0x00,0xC8,0x38,0x08,0x00,0x00,0x00,0x20,0x3F,0x20,0x00,0x00,0x00},/*"Y",57*/
 260          {0x10,0x08,0x08,0x08,0xC8,0x38,0x08,0x00,0x20,0x38,0x26,0x21,0x20,0x20,0x18,0x00},/*"Z",58*/
 261          {0x00,0x00,0x00,0xFE,0x02,0x02,0x02,0x00,0x00,0x00,0x00,0x7F,0x40,0x40,0x40,0x00},/*"[",59*/
 262          {0x00,0x0C,0x30,0xC0,0x00,0x00,0x00,0x00,0x00,0x00,0x00,0x01,0x06,0x38,0xC0,0x00},/*"\",60*/
 263          {0x00,0x02,0x02,0x02,0xFE,0x00,0x00,0x00,0x00,0x40,0x40,0x40,0x7F,0x00,0x00,0x00},/*"]",61*/
 264          {0x00,0x00,0x04,0x02,0x02,0x02,0x04,0x00,0x00,0x00,0x00,0x00,0x00,0x00,0x00,0x00},/*"^",62*/
 265          {0x00,0x00,0x00,0x00,0x00,0x00,0x00,0x00,0x80,0x80,0x80,0x80,0x80,0x80,0x80,0x80},/*"_",63*/
 266          {0x00,0x02,0x02,0x04,0x00,0x00,0x00,0x00,0x00,0x00,0x00,0x00,0x00,0x00,0x00,0x00},/*"`",64*/
 267          {0x00,0x00,0x80,0x80,0x80,0x80,0x00,0x00,0x00,0x19,0x24,0x22,0x22,0x22,0x3F,0x20},/*"a",65*/
 268          {0x08,0xF8,0x00,0x80,0x80,0x00,0x00,0x00,0x00,0x3F,0x11,0x20,0x20,0x11,0x0E,0x00},/*"b",66*/
 269          {0x00,0x00,0x00,0x80,0x80,0x80,0x00,0x00,0x00,0x0E,0x11,0x20,0x20,0x20,0x11,0x00},/*"c",67*/
 270          {0x00,0x00,0x00,0x80,0x80,0x88,0xF8,0x00,0x00,0x0E,0x11,0x20,0x20,0x10,0x3F,0x20},/*"d",68*/
 271          {0x00,0x00,0x80,0x80,0x80,0x80,0x00,0x00,0x00,0x1F,0x22,0x22,0x22,0x22,0x13,0x00},/*"e",69*/
 272          {0x00,0x80,0x80,0xF0,0x88,0x88,0x88,0x18,0x00,0x20,0x20,0x3F,0x20,0x20,0x00,0x00},/*"f",70*/
 273          {0x00,0x00,0x80,0x80,0x80,0x80,0x80,0x00,0x00,0x6B,0x94,0x94,0x94,0x93,0x60,0x00},/*"g",71*/
 274          {0x08,0xF8,0x00,0x80,0x80,0x80,0x00,0x00,0x20,0x3F,0x21,0x00,0x00,0x20,0x3F,0x20},/*"h",72*/
 275          {0x00,0x80,0x98,0x98,0x00,0x00,0x00,0x00,0x00,0x20,0x20,0x3F,0x20,0x20,0x00,0x00},/*"i",73*/
 276          {0x00,0x00,0x00,0x80,0x98,0x98,0x00,0x00,0x00,0xC0,0x80,0x80,0x80,0x7F,0x00,0x00},/*"j",74*/
 277          {0x08,0xF8,0x00,0x00,0x80,0x80,0x80,0x00,0x20,0x3F,0x24,0x02,0x2D,0x30,0x20,0x00},/*"k",75*/
 278          {0x00,0x08,0x08,0xF8,0x00,0x00,0x00,0x00,0x00,0x20,0x20,0x3F,0x20,0x20,0x00,0x00},/*"l",76*/
 279          {0x80,0x80,0x80,0x80,0x80,0x80,0x80,0x00,0x20,0x3F,0x20,0x00,0x3F,0x20,0x00,0x3F},/*"m",77*/
 280          {0x80,0x80,0x00,0x80,0x80,0x80,0x00,0x00,0x20,0x3F,0x21,0x00,0x00,0x20,0x3F,0x20},/*"n",78*/
 281          {0x00,0x00,0x80,0x80,0x80,0x80,0x00,0x00,0x00,0x1F,0x20,0x20,0x20,0x20,0x1F,0x00},/*"o",79*/
 282          {0x80,0x80,0x00,0x80,0x80,0x00,0x00,0x00,0x80,0xFF,0xA1,0x20,0x20,0x11,0x0E,0x00},/*"p",80*/
 283          {0x00,0x00,0x00,0x80,0x80,0x80,0x80,0x00,0x00,0x0E,0x11,0x20,0x20,0xA0,0xFF,0x80},/*"q",81*/
 284          {0x80,0x80,0x80,0x00,0x80,0x80,0x80,0x00,0x20,0x20,0x3F,0x21,0x20,0x00,0x01,0x00},/*"r",82*/
 285          {0x00,0x00,0x80,0x80,0x80,0x80,0x80,0x00,0x00,0x33,0x24,0x24,0x24,0x24,0x19,0x00},/*"s",83*/
 286          {0x00,0x80,0x80,0xE0,0x80,0x80,0x00,0x00,0x00,0x00,0x00,0x1F,0x20,0x20,0x00,0x00},/*"t",84*/
 287          {0x80,0x80,0x00,0x00,0x00,0x80,0x80,0x00,0x00,0x1F,0x20,0x20,0x20,0x10,0x3F,0x20},/*"u",85*/
 288          {0x80,0x80,0x80,0x00,0x00,0x80,0x80,0x80,0x00,0x01,0x0E,0x30,0x08,0x06,0x01,0x00},/*"v",86*/
 289          {0x80,0x80,0x00,0x80,0x00,0x80,0x80,0x80,0x0F,0x30,0x0C,0x03,0x0C,0x30,0x0F,0x00},/*"w",87*/
 290          {0x00,0x80,0x80,0x00,0x80,0x80,0x80,0x00,0x00,0x20,0x31,0x2E,0x0E,0x31,0x20,0x00},/*"x",88*/
 291          {0x80,0x80,0x80,0x00,0x00,0x80,0x80,0x80,0x80,0x81,0x8E,0x70,0x18,0x06,0x01,0x00},/*"y",89*/
 292          {0x00,0x80,0x80,0x80,0x80,0x80,0x80,0x00,0x00,0x21,0x30,0x2C,0x22,0x21,0x30,0x00},/*"z",90*/
 293          {0x00,0x00,0x00,0x00,0x80,0x7C,0x02,0x02,0x00,0x00,0x00,0x00,0x00,0x3F,0x40,0x40},/*"{",91*/
 294          {0x00,0x00,0x00,0x00,0xFF,0x00,0x00,0x00,0x00,0x00,0x00,0x00,0xFF,0x00,0x00,0x00},/*"|",92*/
 295          {0x00,0x02,0x02,0x7C,0x80,0x00,0x00,0x00,0x00,0x40,0x40,0x3F,0x00,0x00,0x00,0x00},/*"}",93*/
 296          {0x00,0x06,0x01,0x01,0x02,0x02,0x04,0x04,0x00,0x00,0x00,0x00,0x00,0x00,0x00,0x00},/*"~",94*/
 297          };  
 298          //24*24 ASICII ?       
 299          const unsigned char code F24X24[][36]={   
 300          {0x00,0x00,0x00,0x00,0x00,0x00,0x00,0x00,0x00,0x00,0x00,0x00,0x00,0x00,0x00,0x00,0x00,0x00,0x00,0x00,0x00,
             -0x00,0x00,0x00,0x00,0x00,0x00,0x00,0x00,0x00,0x00,0x00,0x00,0x00,0x00,0x00},/*" ",0*/
 301          {0x00,0x00,0x00,0x00,0x00,0xF0,0xF0,0xF0,0x00,0x00,0x00,0x00,0x00,0x00,0x00,0x00,0x00,0x01,0x7F,0x01,0x00,
C51 COMPILER V9.55   OLED_FONG                                                             05/20/2024 14:30:33 PAGE 6   

             -0x00,0x00,0x00,0x00,0x00,0x00,0x00,0x00,0x1C,0x1C,0x1C,0x00,0x00,0x00,0x00},/*"!",1*/
 302          {0x00,0x00,0x80,0x60,0x30,0x1C,0x8C,0x60,0x30,0x1C,0x0C,0x00,0x00,0x00,0x00,0x00,0x00,0x00,0x00,0x00,0x00,
             -0x00,0x00,0x00,0x00,0x00,0x00,0x00,0x00,0x00,0x00,0x00,0x00,0x00,0x00,0x00},/*""",2*/
 303          {0x00,0x00,0x00,0xE0,0x00,0x00,0x00,0x00,0x00,0xE0,0x00,0x00,0x00,0x86,0xE6,0x9F,0x86,0x86,0x86,0x86,0xE6,
             -0x9F,0x86,0x00,0x00,0x01,0x1F,0x01,0x01,0x01,0x01,0x01,0x1F,0x01,0x01,0x00},/*"#",3*/
 304          {0x00,0x00,0x80,0xC0,0x60,0x20,0xF8,0x20,0xE0,0xC0,0x00,0x00,0x00,0x00,0x03,0x07,0x0C,0x18,0xFF,0x70,0xE1,
             -0x81,0x00,0x00,0x00,0x00,0x07,0x0F,0x10,0x10,0x7F,0x10,0x0F,0x07,0x00,0x00},/*"$",4*/
 305          {0x80,0x60,0x20,0x60,0x80,0x00,0x00,0x00,0xE0,0x20,0x00,0x00,0x0F,0x30,0x20,0x30,0x9F,0x70,0xDC,0x37,0x10,
             -0x30,0xC0,0x00,0x00,0x00,0x10,0x0E,0x03,0x00,0x07,0x18,0x10,0x18,0x07,0x00},/*"%",5*/
 306          {0x00,0x00,0xC0,0x20,0x20,0xE0,0xC0,0x00,0x00,0x00,0x00,0x00,0x80,0xE0,0x1F,0x38,0xE8,0x87,0x03,0xC4,0x3C,
             -0x04,0x00,0x00,0x07,0x0F,0x18,0x10,0x10,0x0B,0x07,0x0D,0x10,0x10,0x08,0x00},/*"&",6*/
 307          {0x00,0x80,0x8C,0x4C,0x38,0x00,0x00,0x00,0x00,0x00,0x00,0x00,0x00,0x00,0x00,0x00,0x00,0x00,0x00,0x00,0x00,
             -0x00,0x00,0x00,0x00,0x00,0x00,0x00,0x00,0x00,0x00,0x00,0x00,0x00,0x00,0x00},/*"'",7*/
 308          {0x00,0x00,0x00,0x00,0x00,0x00,0x80,0xE0,0x30,0x08,0x04,0x00,0x00,0x00,0x00,0x00,0x00,0xFE,0xFF,0x01,0x00,
             -0x00,0x00,0x00,0x00,0x00,0x00,0x00,0x00,0x00,0x03,0x0F,0x18,0x20,0x40,0x00},/*"(",8*/
 309          {0x00,0x04,0x08,0x30,0xE0,0x80,0x00,0x00,0x00,0x00,0x00,0x00,0x00,0x00,0x00,0x00,0x01,0xFF,0xFE,0x00,0x00,
             -0x00,0x00,0x00,0x00,0x40,0x20,0x18,0x0F,0x03,0x00,0x00,0x00,0x00,0x00,0x00},/*")",9*/
 310          {0x00,0x00,0x00,0x00,0x00,0x00,0xC0,0x00,0x00,0x00,0x00,0x00,0x00,0x42,0x66,0x66,0x3C,0x18,0xFF,0x18,0x3C,
             -0x66,0x66,0x42,0x00,0x00,0x00,0x00,0x00,0x00,0x03,0x00,0x00,0x00,0x00,0x00},/*"*",10*/
 311          {0x00,0x00,0x00,0x00,0x00,0x00,0x80,0x00,0x00,0x00,0x00,0x00,0x00,0x10,0x10,0x10,0x10,0x10,0xFF,0x10,0x10,
             -0x10,0x10,0x10,0x00,0x00,0x00,0x00,0x00,0x00,0x03,0x00,0x00,0x00,0x00,0x00},/*"+",11*/
 312          {0x00,0x00,0x00,0x00,0x00,0x00,0x00,0x00,0x00,0x00,0x00,0x00,0x00,0x00,0x00,0x00,0x00,0x00,0x00,0x00,0x00,
             -0x00,0x00,0x00,0x00,0x80,0x8C,0x4C,0x38,0x00,0x00,0x00,0x00,0x00,0x00,0x00},/*",",12*/
 313          {0x00,0x00,0x00,0x00,0x00,0x00,0x00,0x00,0x00,0x00,0x00,0x00,0x00,0x10,0x10,0x10,0x10,0x10,0x10,0x10,0x10,
             -0x10,0x10,0x00,0x00,0x00,0x00,0x00,0x00,0x00,0x00,0x00,0x00,0x00,0x00,0x00},/*"-",13*/
 314          {0x00,0x00,0x00,0x00,0x00,0x00,0x00,0x00,0x00,0x00,0x00,0x00,0x00,0x00,0x00,0x00,0x00,0x00,0x00,0x00,0x00,
             -0x00,0x00,0x00,0x00,0x00,0x1C,0x1C,0x1C,0x00,0x00,0x00,0x00,0x00,0x00,0x00},/*".",14*/
 315          {0x00,0x00,0x00,0x00,0x00,0x00,0x00,0x00,0xE0,0x38,0x0C,0x00,0x00,0x00,0x00,0x00,0x80,0x70,0x1C,0x03,0x00,
             -0x00,0x00,0x00,0x00,0x60,0x38,0x0E,0x01,0x00,0x00,0x00,0x00,0x00,0x00,0x00},/*"/",15*/
 316          {0x00,0x00,0x80,0xC0,0x60,0x20,0x20,0x60,0xC0,0x80,0x00,0x00,0x00,0xFE,0xFF,0x01,0x00,0x00,0x00,0x00,0x01,
             -0xFF,0xFE,0x00,0x00,0x01,0x07,0x0E,0x18,0x10,0x10,0x18,0x0E,0x07,0x01,0x00},/*"0",16*/
 317          {0x00,0x00,0x80,0x80,0x80,0xC0,0xE0,0x00,0x00,0x00,0x00,0x00,0x00,0x00,0x00,0x00,0x00,0xFF,0xFF,0x00,0x00,
             -0x00,0x00,0x00,0x00,0x00,0x10,0x10,0x10,0x1F,0x1F,0x10,0x10,0x10,0x00,0x00},/*"1",17*/
 318          {0x00,0x80,0x40,0x20,0x20,0x20,0x20,0x60,0xC0,0x80,0x00,0x00,0x00,0x03,0x03,0x00,0x80,0x40,0x20,0x38,0x1F,
             -0x07,0x00,0x00,0x00,0x1C,0x1A,0x19,0x18,0x18,0x18,0x18,0x18,0x1F,0x00,0x00},/*"2",18*/
 319          {0x00,0x80,0xC0,0x20,0x20,0x20,0x60,0xC0,0x80,0x00,0x00,0x00,0x00,0x03,0x03,0x00,0x10,0x10,0x18,0x2F,0xE7,
             -0x80,0x00,0x00,0x00,0x07,0x0F,0x10,0x10,0x10,0x10,0x18,0x0F,0x07,0x00,0x00},/*"3",19*/
 320          {0x00,0x00,0x00,0x00,0x00,0x00,0xC0,0xE0,0xF0,0x00,0x00,0x00,0x00,0xC0,0xB0,0x88,0x86,0x81,0x80,0xFF,0xFF,
             -0x80,0x80,0x00,0x00,0x00,0x00,0x00,0x00,0x10,0x10,0x1F,0x1F,0x10,0x10,0x00},/*"4",20*/
 321          {0x00,0x00,0xE0,0x60,0x60,0x60,0x60,0x60,0x60,0x60,0x00,0x00,0x00,0x00,0x3F,0x10,0x08,0x08,0x08,0x18,0xF0,
             -0xE0,0x00,0x00,0x00,0x07,0x0B,0x10,0x10,0x10,0x10,0x1C,0x0F,0x03,0x00,0x00},/*"5",21*/
 322          {0x00,0x00,0x80,0xC0,0x40,0x20,0x20,0x20,0xE0,0xC0,0x00,0x00,0x00,0xFC,0xFF,0x21,0x10,0x08,0x08,0x08,0x18,
             -0xF0,0xE0,0x00,0x00,0x01,0x07,0x0C,0x18,0x10,0x10,0x10,0x08,0x0F,0x03,0x00},/*"6",22*/
 323          {0x00,0x00,0xC0,0xE0,0x60,0x60,0x60,0x60,0x60,0xE0,0x60,0x00,0x00,0x00,0x03,0x00,0x00,0x00,0xE0,0x18,0x07,
             -0x00,0x00,0x00,0x00,0x00,0x00,0x00,0x00,0x1F,0x1F,0x00,0x00,0x00,0x00,0x00},/*"7",23*/
 324          {0x00,0x80,0xC0,0x60,0x20,0x20,0x20,0x20,0x60,0xC0,0x80,0x00,0x00,0x87,0xEF,0x2C,0x18,0x18,0x30,0x30,0x68,
             -0xCF,0x83,0x00,0x00,0x07,0x0F,0x08,0x10,0x10,0x10,0x10,0x18,0x0F,0x07,0x00},/*"8",24*/
 325          {0x00,0x00,0xC0,0xC0,0x20,0x20,0x20,0x20,0xC0,0x80,0x00,0x00,0x00,0x1F,0x3F,0x60,0x40,0x40,0x40,0x20,0x10,
             -0xFF,0xFE,0x00,0x00,0x00,0x0C,0x1C,0x10,0x10,0x10,0x08,0x0F,0x03,0x00,0x00},/*"9",25*/
 326          {0x00,0x00,0x00,0x00,0x00,0x00,0x00,0x00,0x00,0x00,0x00,0x00,0x00,0x00,0x00,0x00,0x00,0x0E,0x0E,0x0E,0x00,
             -0x00,0x00,0x00,0x00,0x00,0x00,0x00,0x00,0x1C,0x1C,0x1C,0x00,0x00,0x00,0x00},/*":",26*/
 327          {0x00,0x00,0x00,0x00,0x00,0x00,0x00,0x00,0x00,0x00,0x00,0x00,0x00,0x00,0x00,0x00,0x00,0x0C,0x0C,0x00,0x00,
             -0x00,0x00,0x00,0x00,0x00,0x00,0x00,0x00,0x58,0x38,0x00,0x00,0x00,0x00,0x00},/*";",27*/
 328          {0x00,0x00,0x00,0x00,0x00,0x00,0x00,0x80,0x40,0x20,0x10,0x00,0x00,0x00,0x10,0x28,0x44,0x82,0x01,0x00,0x00,
             -0x00,0x00,0x00,0x00,0x00,0x00,0x00,0x00,0x00,0x01,0x02,0x04,0x08,0x10,0x00},/*"<",28*/
 329          {0x00,0x00,0x00,0x00,0x00,0x00,0x00,0x00,0x00,0x00,0x00,0x00,0x00,0x84,0x84,0x84,0x84,0x84,0x84,0x84,0x84,
             -0x84,0x84,0x00,0x00,0x00,0x00,0x00,0x00,0x00,0x00,0x00,0x00,0x00,0x00,0x00},/*"=",29*/
 330          {0x00,0x00,0x10,0x20,0x40,0x80,0x00,0x00,0x00,0x00,0x00,0x00,0x00,0x00,0x00,0x00,0x00,0x00,0x01,0x82,0x44,
             -0x28,0x10,0x00,0x00,0x00,0x10,0x08,0x04,0x02,0x01,0x00,0x00,0x00,0x00,0x00},/*">",30*/
 331          {0x00,0xC0,0x20,0x20,0x10,0x10,0x10,0x10,0x30,0xE0,0xC0,0x00,0x00,0x03,0x03,0x00,0x00,0xF0,0x10,0x08,0x0C,
             -0x07,0x03,0x00,0x00,0x00,0x00,0x00,0x1C,0x1C,0x1C,0x00,0x00,0x00,0x00,0x00},/*"?",31*/
 332          {0x00,0x00,0x00,0xC0,0x40,0x60,0x20,0x20,0x20,0x40,0xC0,0x00,0x00,0xFC,0xFF,0x01,0xF0,0x0E,0x03,0xC1,0xFE,
C51 COMPILER V9.55   OLED_FONG                                                             05/20/2024 14:30:33 PAGE 7   

             -0x03,0x80,0x7F,0x00,0x01,0x07,0x0E,0x08,0x11,0x11,0x10,0x11,0x09,0x04,0x02},/*"@",32*/
 333          {0x00,0x00,0x00,0x00,0x80,0xE0,0xE0,0x00,0x00,0x00,0x00,0x00,0x00,0x00,0x80,0x7C,0x43,0x40,0x47,0x7F,0xF8,
             -0x80,0x00,0x00,0x10,0x18,0x1F,0x10,0x00,0x00,0x00,0x00,0x13,0x1F,0x1C,0x10},/*"A",33*/
 334          //{0x20,0xE0,0xE0,0x20,0x20,0x20,0x20,0x60,0xC0,0x80,0x00,0x00,0x00,0xFF,0xFF,0x10,0x10,0x10,0x10,0x18,0x2
             -F,0xE7,0x80,0x00,0x10,0x1F,0x1F,0x10,0x10,0x10,0x10,0x10,0x18,0x0F,0x07,0x00},/*"B",34*/
 335                  {0x00,0x20,0xE0,0xE0,0x20,0x20,0x20,0x60,0xC0,0xC0,0x00,0x00,0x00,0x00,0xFF,0xFF,0x10,0x10,0x10,0x18,0x2F
             -,0xE7,0x80,0x00,0x00,0x10,0x1F,0x1F,0x10,0x10,0x10,0x10,0x18,0x0F,0x07,0x00},/*"B",0*/
 336          
 337          {0x00,0x00,0x80,0xC0,0x40,0x20,0x20,0x20,0x20,0x60,0xE0,0x00,0x00,0xFC,0xFF,0x01,0x00,0x00,0x00,0x00,0x00,
             -0x00,0x01,0x00,0x00,0x01,0x07,0x0E,0x18,0x10,0x10,0x10,0x08,0x04,0x03,0x00},/*"C",35*/
 338          //{0x20,0xE0,0xE0,0x20,0x20,0x20,0x20,0x40,0xC0,0x80,0x00,0x00,0x00,0xFF,0xFF,0x00,0x00,0x00,0x00,0x00,0x0
             -1,0xFF,0xFE,0x00,0x10,0x1F,0x1F,0x10,0x10,0x10,0x18,0x08,0x0E,0x07,0x01,0x00},/*"D",36*/
 339          {0x20,0x20,0xE0,0xE0,0x20,0x20,0x20,0x40,0xC0,0x80,0x00,0x00,0x00,0x00,0xFF,0xFF,0x00,0x00,0x00,0x00,0x01,
             -0xFF,0xFE,0x00,0x10,0x10,0x1F,0x1F,0x10,0x10,0x10,0x08,0x0E,0x07,0x01,0x00},/*"D",0*/
 340          
 341          {0x20,0xE0,0xE0,0x20,0x20,0x20,0x20,0x20,0x20,0x60,0x80,0x00,0x00,0xFF,0xFF,0x10,0x10,0x10,0x10,0x7C,0x00,
             -0x00,0x00,0x00,0x10,0x1F,0x1F,0x10,0x10,0x10,0x10,0x10,0x10,0x18,0x06,0x00},/*"E",37*/
 342          {0x20,0xE0,0xE0,0x20,0x20,0x20,0x20,0x20,0x60,0x60,0x80,0x00,0x00,0xFF,0xFF,0x10,0x10,0x10,0x10,0x7C,0x00,
             -0x00,0x01,0x00,0x10,0x1F,0x1F,0x10,0x00,0x00,0x00,0x00,0x00,0x00,0x00,0x00},/*"F",38*/
 343          {0x00,0x00,0x80,0xC0,0x60,0x20,0x20,0x20,0x40,0xE0,0x00,0x00,0x00,0xFC,0xFF,0x01,0x00,0x00,0x40,0x40,0xC0,
             -0xC1,0x40,0x40,0x00,0x01,0x07,0x0E,0x18,0x10,0x10,0x10,0x0F,0x0F,0x00,0x00},/*"G",39*/
 344          {0x20,0xE0,0xE0,0x20,0x00,0x00,0x00,0x00,0x20,0xE0,0xE0,0x20,0x00,0xFF,0xFF,0x10,0x10,0x10,0x10,0x10,0x10,
             -0xFF,0xFF,0x00,0x10,0x1F,0x1F,0x10,0x00,0x00,0x00,0x00,0x10,0x1F,0x1F,0x10},/*"H",40*/
 345          {0x00,0x00,0x20,0x20,0x20,0xE0,0xE0,0x20,0x20,0x20,0x00,0x00,0x00,0x00,0x00,0x00,0x00,0xFF,0xFF,0x00,0x00,
             -0x00,0x00,0x00,0x00,0x00,0x10,0x10,0x10,0x1F,0x1F,0x10,0x10,0x10,0x00,0x00},/*"I",41*/
 346          {0x00,0x00,0x00,0x00,0x20,0x20,0x20,0xE0,0xE0,0x20,0x20,0x20,0x00,0x00,0x00,0x00,0x00,0x00,0x00,0xFF,0xFF,
             -0x00,0x00,0x00,0x00,0x60,0xE0,0x80,0x80,0x80,0xC0,0x7F,0x3F,0x00,0x00,0x00},/*"J",42*/
 347          {0x20,0xE0,0xE0,0x20,0x00,0x00,0x20,0xA0,0x60,0x20,0x20,0x00,0x00,0xFF,0xFF,0x30,0x18,0x7C,0xE3,0xC0,0x00,
             -0x00,0x00,0x00,0x10,0x1F,0x1F,0x10,0x00,0x00,0x01,0x13,0x1F,0x1C,0x18,0x10},/*"K",43*/
 348          {0x20,0xE0,0xE0,0x20,0x00,0x00,0x00,0x00,0x00,0x00,0x00,0x00,0x00,0xFF,0xFF,0x00,0x00,0x00,0x00,0x00,0x00,
             -0x00,0x00,0x00,0x10,0x1F,0x1F,0x10,0x10,0x10,0x10,0x10,0x10,0x18,0x06,0x00},/*"L",44*/
 349          {0x20,0xE0,0xE0,0xE0,0x00,0x00,0x00,0x00,0xE0,0xE0,0xE0,0x20,0x00,0xFF,0x01,0x3F,0xFE,0xC0,0xE0,0x1E,0x01,
             -0xFF,0xFF,0x00,0x10,0x1F,0x10,0x00,0x03,0x1F,0x03,0x00,0x10,0x1F,0x1F,0x10},/*"M",45*/
 350          {0x20,0xE0,0xE0,0xC0,0x00,0x00,0x00,0x00,0x00,0x20,0xE0,0x20,0x00,0xFF,0x00,0x03,0x07,0x1C,0x78,0xE0,0x80,
             -0x00,0xFF,0x00,0x10,0x1F,0x10,0x00,0x00,0x00,0x00,0x00,0x03,0x0F,0x1F,0x00},/*"N",46*/
 351          {0x00,0x00,0x80,0xC0,0x60,0x20,0x20,0x60,0xC0,0x80,0x00,0x00,0x00,0xFE,0xFF,0x01,0x00,0x00,0x00,0x00,0x00,
             -0xFF,0xFE,0x00,0x00,0x01,0x07,0x0E,0x18,0x10,0x10,0x18,0x0C,0x07,0x01,0x00},/*"O",47*/
 352          {0x20,0xE0,0xE0,0x20,0x20,0x20,0x20,0x20,0x60,0xC0,0x80,0x00,0x00,0xFF,0xFF,0x20,0x20,0x20,0x20,0x20,0x30,
             -0x1F,0x0F,0x00,0x10,0x1F,0x1F,0x10,0x00,0x00,0x00,0x00,0x00,0x00,0x00,0x00},/*"P",48*/
 353          {0x00,0x00,0x80,0xC0,0x60,0x20,0x20,0x60,0xC0,0x80,0x00,0x00,0x00,0xFE,0xFF,0x01,0x00,0x00,0x00,0x00,0x00,
             -0xFF,0xFE,0x00,0x00,0x01,0x07,0x0E,0x11,0x11,0x13,0x3C,0x7C,0x67,0x21,0x00},/*"Q",49*/
 354          {0x20,0xE0,0xE0,0x20,0x20,0x20,0x20,0x20,0x60,0xC0,0x80,0x00,0x00,0xFF,0xFF,0x10,0x10,0x30,0xF0,0xD0,0x08,
             -0x0F,0x07,0x00,0x10,0x1F,0x1F,0x10,0x00,0x00,0x00,0x03,0x0F,0x1C,0x10,0x10},/*"R",50*/
 355          {0x00,0x80,0xC0,0x60,0x20,0x20,0x20,0x20,0x40,0x40,0xE0,0x00,0x00,0x07,0x0F,0x0C,0x18,0x18,0x30,0x30,0x60,
             -0xE0,0x81,0x00,0x00,0x1F,0x0C,0x08,0x10,0x10,0x10,0x10,0x18,0x0F,0x07,0x00},/*"S",51*/
 356          {0x80,0x60,0x20,0x20,0x20,0xE0,0xE0,0x20,0x20,0x20,0x60,0x80,0x01,0x00,0x00,0x00,0x00,0xFF,0xFF,0x00,0x00,
             -0x00,0x00,0x01,0x00,0x00,0x00,0x00,0x10,0x1F,0x1F,0x10,0x00,0x00,0x00,0x00},/*"T",52*/
 357          {0x20,0xE0,0xE0,0x20,0x00,0x00,0x00,0x00,0x00,0x20,0xE0,0x20,0x00,0xFF,0xFF,0x00,0x00,0x00,0x00,0x00,0x00,
             -0x00,0xFF,0x00,0x00,0x07,0x0F,0x18,0x10,0x10,0x10,0x10,0x10,0x08,0x07,0x00},/*"U",53*/
 358          {0x20,0x60,0xE0,0xE0,0x20,0x00,0x00,0x00,0x20,0xE0,0x60,0x20,0x00,0x00,0x07,0x7F,0xF8,0x80,0x00,0x80,0x7C,
             -0x03,0x00,0x00,0x00,0x00,0x00,0x00,0x07,0x1F,0x1C,0x07,0x00,0x00,0x00,0x00},/*"V",54*/
 359          {0x20,0xE0,0xE0,0x20,0x00,0xE0,0xE0,0x20,0x00,0x20,0xE0,0x20,0x00,0x07,0xFF,0xF8,0xE0,0x1F,0xFF,0xFC,0xE0,
             -0x1F,0x00,0x00,0x00,0x00,0x03,0x1F,0x03,0x00,0x01,0x1F,0x03,0x00,0x00,0x00},/*"W",55*/
 360          {0x00,0x20,0x60,0xE0,0xA0,0x00,0x00,0x20,0xE0,0x60,0x20,0x00,0x00,0x00,0x00,0x03,0x8F,0x7C,0xF8,0xC6,0x01,
             -0x00,0x00,0x00,0x00,0x10,0x18,0x1E,0x13,0x00,0x01,0x17,0x1F,0x18,0x10,0x00},/*"X",56*/
 361          {0x20,0x60,0xE0,0xE0,0x20,0x00,0x00,0x00,0x20,0xE0,0x60,0x20,0x00,0x00,0x01,0x07,0x3E,0xF8,0xE0,0x18,0x07,
             -0x00,0x00,0x00,0x00,0x00,0x00,0x10,0x10,0x1F,0x1F,0x10,0x10,0x00,0x00,0x00},/*"Y",57*/
 362          {0x00,0x80,0x60,0x20,0x20,0x20,0x20,0xA0,0xE0,0xE0,0x20,0x00,0x00,0x00,0x00,0x00,0xC0,0xF0,0x3E,0x0F,0x03,
             -0x00,0x00,0x00,0x00,0x10,0x1C,0x1F,0x17,0x10,0x10,0x10,0x10,0x18,0x06,0x00},/*"Z",58*/
 363          {0x00,0x00,0x00,0x00,0x00,0xFC,0x04,0x04,0x04,0x04,0x04,0x00,0x00,0x00,0x00,0x00,0x00,0xFF,0x00,0x00,0x00,
             -0x00,0x00,0x00,0x00,0x00,0x00,0x00,0x00,0x7F,0x40,0x40,0x40,0x40,0x40,0x00},/*"[",59*/
 364          {0x00,0x00,0x10,0xE0,0x00,0x00,0x00,0x00,0x00,0x00,0x00,0x00,0x00,0x00,0x00,0x00,0x03,0x1C,0x60,0x80,0x00,
C51 COMPILER V9.55   OLED_FONG                                                             05/20/2024 14:30:33 PAGE 8   

             -0x00,0x00,0x00,0x00,0x00,0x00,0x00,0x00,0x00,0x00,0x03,0x0C,0x70,0x80,0x00},/*"\",60*/
 365          {0x00,0x00,0x04,0x04,0x04,0x04,0x04,0xFC,0x00,0x00,0x00,0x00,0x00,0x00,0x00,0x00,0x00,0x00,0x00,0xFF,0x00,
             -0x00,0x00,0x00,0x00,0x00,0x40,0x40,0x40,0x40,0x40,0x7F,0x00,0x00,0x00,0x00},/*"]",61*/
 366          {0x00,0x00,0x00,0x10,0x08,0x0C,0x04,0x0C,0x08,0x10,0x00,0x00,0x00,0x00,0x00,0x00,0x00,0x00,0x00,0x00,0x00,
             -0x00,0x00,0x00,0x00,0x00,0x00,0x00,0x00,0x00,0x00,0x00,0x00,0x00,0x00,0x00},/*"^",62*/
 367          {0x00,0x00,0x00,0x00,0x00,0x00,0x00,0x00,0x00,0x00,0x00,0x00,0x00,0x00,0x00,0x00,0x00,0x00,0x00,0x00,0x00,
             -0x00,0x00,0x00,0x80,0x80,0x80,0x80,0x80,0x80,0x80,0x80,0x80,0x80,0x80,0x80},/*"_",63*/
 368          {0x00,0x00,0x00,0x04,0x04,0x08,0x08,0x00,0x00,0x00,0x00,0x00,0x00,0x00,0x00,0x00,0x00,0x00,0x00,0x00,0x00,
             -0x00,0x00,0x00,0x00,0x00,0x00,0x00,0x00,0x00,0x00,0x00,0x00,0x00,0x00,0x00},/*"`",64*/
 369          {0x00,0x00,0x00,0x00,0x00,0x00,0x00,0x00,0x00,0x00,0x00,0x00,0x00,0x00,0x98,0xD8,0x44,0x64,0x24,0x24,0xFC,
             -0xF8,0x00,0x00,0x00,0x0F,0x1F,0x18,0x10,0x10,0x10,0x08,0x1F,0x1F,0x10,0x18},/*"a",65*/
 370          {0x00,0x20,0xE0,0xF0,0x00,0x00,0x00,0x00,0x00,0x00,0x00,0x00,0x00,0x00,0xFF,0xFF,0x18,0x08,0x04,0x04,0x0C,
             -0xF8,0xF0,0x00,0x00,0x00,0x1F,0x0F,0x18,0x10,0x10,0x10,0x18,0x0F,0x03,0x00},/*"b",66*/
 371          {0x00,0x00,0x00,0x00,0x00,0x00,0x00,0x00,0x00,0x00,0x00,0x00,0x00,0xE0,0xF8,0x18,0x04,0x04,0x04,0x3C,0x38,
             -0x00,0x00,0x00,0x00,0x03,0x0F,0x0C,0x10,0x10,0x10,0x10,0x08,0x06,0x00,0x00},/*"c",67*/
 372          {0x00,0x00,0x00,0x00,0x00,0x00,0x00,0x20,0xE0,0xF0,0x00,0x00,0x00,0xE0,0xF8,0x1C,0x04,0x04,0x04,0x08,0xFF,
             -0xFF,0x00,0x00,0x00,0x03,0x0F,0x18,0x10,0x10,0x10,0x08,0x1F,0x0F,0x08,0x00},/*"d",68*/
 373          {0x00,0x00,0x00,0x00,0x00,0x00,0x00,0x00,0x00,0x00,0x00,0x00,0x00,0x00,0xE0,0xF8,0x48,0x44,0x44,0x44,0x4C,
             -0x78,0x70,0x00,0x00,0x00,0x03,0x0F,0x0C,0x18,0x10,0x10,0x10,0x08,0x04,0x00},/*"e",69*/
 374          {0x00,0x00,0x00,0x00,0x80,0xC0,0x60,0x20,0x20,0xE0,0xC0,0x00,0x00,0x04,0x04,0x04,0xFF,0xFF,0x04,0x04,0x04,
             -0x04,0x00,0x00,0x00,0x00,0x10,0x10,0x1F,0x1F,0x10,0x10,0x10,0x00,0x00,0x00},/*"f",70*/
 375          {0x00,0x00,0x00,0x00,0x00,0x00,0x00,0x00,0x00,0x00,0x00,0x00,0x00,0x00,0x70,0xF8,0x8C,0x04,0x04,0x8C,0xF8,
             -0x74,0x04,0x0C,0x00,0x70,0x76,0xCF,0x8D,0x8D,0x8D,0x89,0xC8,0x78,0x70,0x00},/*"g",71*/
 376          {0x00,0x20,0xE0,0xF0,0x00,0x00,0x00,0x00,0x00,0x00,0x00,0x00,0x00,0x00,0xFF,0xFF,0x08,0x04,0x04,0x04,0xFC,
             -0xF8,0x00,0x00,0x00,0x10,0x1F,0x1F,0x10,0x00,0x00,0x10,0x1F,0x1F,0x10,0x00},/*"h",72*/
 377          {0x00,0x00,0x00,0x00,0x00,0x60,0x60,0x00,0x00,0x00,0x00,0x00,0x00,0x00,0x04,0x04,0x04,0xFC,0xFC,0x00,0x00,
             -0x00,0x00,0x00,0x00,0x00,0x10,0x10,0x10,0x1F,0x1F,0x10,0x10,0x10,0x00,0x00},/*"i",73*/
 378          {0x00,0x00,0x00,0x00,0x00,0x00,0x00,0x60,0x60,0x00,0x00,0x00,0x00,0x00,0x00,0x00,0x04,0x04,0x04,0xFC,0xFC,
             -0x00,0x00,0x00,0x00,0x00,0xC0,0xC0,0x80,0x80,0xC0,0x7F,0x3F,0x00,0x00,0x00},/*"j",74*/
 379          {0x00,0x20,0xE0,0xF0,0x00,0x00,0x00,0x00,0x00,0x00,0x00,0x00,0x00,0x00,0xFF,0xFF,0x80,0xC0,0xF4,0x1C,0x04,
             -0x04,0x00,0x00,0x00,0x10,0x1F,0x1F,0x11,0x00,0x03,0x1F,0x1C,0x10,0x10,0x00},/*"k",75*/
 380          {0x00,0x00,0x20,0x20,0x20,0xE0,0xF0,0x00,0x00,0x00,0x00,0x00,0x00,0x00,0x00,0x00,0x00,0xFF,0xFF,0x00,0x00,
             -0x00,0x00,0x00,0x00,0x00,0x10,0x10,0x10,0x1F,0x1F,0x10,0x10,0x10,0x00,0x00},/*"l",76*/
 381          {0x00,0x00,0x00,0x00,0x00,0x00,0x00,0x00,0x00,0x00,0x00,0x00,0x04,0xFC,0xFC,0x08,0x04,0xFC,0xFC,0x08,0x04,
             -0xFC,0xFC,0x00,0x10,0x1F,0x1F,0x10,0x00,0x1F,0x1F,0x10,0x00,0x1F,0x1F,0x10},/*"m",77*/
 382          {0x00,0x00,0x00,0x00,0x00,0x00,0x00,0x00,0x00,0x00,0x00,0x00,0x00,0x04,0xFC,0xFC,0x08,0x08,0x04,0x04,0xFC,
             -0xF8,0x00,0x00,0x00,0x10,0x1F,0x1F,0x10,0x00,0x00,0x10,0x1F,0x1F,0x10,0x00},/*"n",78*/
 383          {0x00,0x00,0x00,0x00,0x00,0x00,0x00,0x00,0x00,0x00,0x00,0x00,0x00,0xE0,0xF0,0x18,0x0C,0x04,0x04,0x0C,0x18,
             -0xF0,0xE0,0x00,0x00,0x03,0x0F,0x0C,0x10,0x10,0x10,0x10,0x0C,0x0F,0x03,0x00},/*"o",79*/
 384          {0x00,0x00,0x00,0x00,0x00,0x00,0x00,0x00,0x00,0x00,0x00,0x00,0x00,0x04,0xFC,0xFC,0x08,0x04,0x04,0x04,0x0C,
             -0xF8,0xF0,0x00,0x00,0x80,0xFF,0xFF,0x88,0x90,0x10,0x10,0x1C,0x0F,0x03,0x00},/*"p",80*/
 385          {0x00,0x00,0x00,0x00,0x00,0x00,0x00,0x00,0x00,0x00,0x00,0x00,0x00,0xE0,0xF8,0x1C,0x04,0x04,0x04,0x08,0xF8,
             -0xFC,0x00,0x00,0x00,0x03,0x0F,0x18,0x10,0x10,0x90,0x88,0xFF,0xFF,0x80,0x00},/*"q",81*/
 386          {0x00,0x00,0x00,0x00,0x00,0x00,0x00,0x00,0x00,0x00,0x00,0x00,0x04,0x04,0x04,0xFC,0xFC,0x10,0x08,0x04,0x04,
             -0x0C,0x0C,0x00,0x10,0x10,0x10,0x1F,0x1F,0x10,0x10,0x10,0x00,0x00,0x00,0x00},/*"r",82*/
 387          {0x00,0x00,0x00,0x00,0x00,0x00,0x00,0x00,0x00,0x00,0x00,0x00,0x00,0x00,0x30,0x78,0xCC,0xC4,0x84,0x84,0x84,
             -0x0C,0x1C,0x00,0x00,0x00,0x1E,0x18,0x10,0x10,0x10,0x11,0x19,0x0F,0x06,0x00},/*"s",83*/
 388          {0x00,0x00,0x00,0x00,0x00,0xC0,0x00,0x00,0x00,0x00,0x00,0x00,0x00,0x04,0x04,0x04,0xFF,0xFF,0x04,0x04,0x04,
             -0x00,0x00,0x00,0x00,0x00,0x00,0x00,0x0F,0x1F,0x10,0x10,0x10,0x0C,0x00,0x00},/*"t",84*/
 389          {0x00,0x00,0x00,0x00,0x00,0x00,0x00,0x00,0x00,0x00,0x00,0x00,0x00,0x04,0xFC,0xFE,0x00,0x00,0x00,0x04,0xFC,
             -0xFE,0x00,0x00,0x00,0x00,0x0F,0x1F,0x18,0x10,0x10,0x08,0x1F,0x0F,0x08,0x00},/*"u",85*/
 390          {0x00,0x00,0x00,0x00,0x00,0x00,0x00,0x00,0x00,0x00,0x00,0x00,0x00,0x04,0x0C,0x3C,0xFC,0xC4,0x00,0x00,0xC4,
             -0x3C,0x0C,0x04,0x00,0x00,0x00,0x00,0x01,0x0F,0x1E,0x0E,0x01,0x00,0x00,0x00},/*"v",86*/
 391          {0x00,0x00,0x00,0x00,0x00,0x00,0x00,0x00,0x00,0x00,0x00,0x00,0x04,0x3C,0xFC,0xC4,0x00,0xE4,0x7C,0xFC,0x84,
             -0x80,0x7C,0x04,0x00,0x00,0x07,0x1F,0x07,0x00,0x00,0x07,0x1F,0x07,0x00,0x00},/*"w",87*/
 392          {0x00,0x00,0x00,0x00,0x00,0x00,0x00,0x00,0x00,0x00,0x00,0x00,0x00,0x04,0x04,0x1C,0x7C,0xE4,0xC0,0x34,0x1C,
             -0x04,0x04,0x00,0x00,0x10,0x10,0x1C,0x16,0x01,0x13,0x1F,0x1C,0x18,0x10,0x00},/*"x",88*/
 393          {0x00,0x00,0x00,0x00,0x00,0x00,0x00,0x00,0x00,0x00,0x00,0x00,0x00,0x04,0x0C,0x3C,0xFC,0xC4,0x00,0xC4,0x3C,
             -0x04,0x04,0x00,0x00,0x00,0xC0,0x80,0xC1,0x37,0x0E,0x01,0x00,0x00,0x00,0x00},/*"y",89*/
 394          {0x00,0x00,0x00,0x00,0x00,0x00,0x00,0x00,0x00,0x00,0x00,0x00,0x00,0x00,0x1C,0x04,0x04,0xC4,0xF4,0x7C,0x1C,
             -0x04,0x00,0x00,0x00,0x00,0x10,0x1C,0x1F,0x17,0x11,0x10,0x10,0x18,0x0E,0x00},/*"z",90*/
 395          {0x00,0x00,0x00,0x00,0x00,0x00,0x00,0xF8,0x0C,0x04,0x00,0x00,0x00,0x00,0x00,0x00,0x00,0x10,0x28,0xEF,0x00,
C51 COMPILER V9.55   OLED_FONG                                                             05/20/2024 14:30:33 PAGE 9   

             -0x00,0x00,0x00,0x00,0x00,0x00,0x00,0x00,0x00,0x00,0x3F,0x60,0x40,0x00,0x00},/*"{",91*/
 396          {0x00,0x00,0x00,0x00,0x00,0x00,0xFF,0x00,0x00,0x00,0x00,0x00,0x00,0x00,0x00,0x00,0x00,0x00,0xFF,0x00,0x00,
             -0x00,0x00,0x00,0x00,0x00,0x00,0x00,0x00,0x00,0xFF,0x00,0x00,0x00,0x00,0x00},/*"|",92*/
 397          {0x00,0x00,0x04,0x0C,0xF8,0x00,0x00,0x00,0x00,0x00,0x00,0x00,0x00,0x00,0x00,0x00,0xEF,0x28,0x10,0x00,0x00,
             -0x00,0x00,0x00,0x00,0x00,0x40,0x60,0x3F,0x00,0x00,0x00,0x00,0x00,0x00,0x00},/*"}",93*/
 398          {0x00,0x18,0x06,0x02,0x02,0x04,0x08,0x10,0x20,0x20,0x30,0x08,0x00,0x00,0x00,0x00,0x00,0x00,0x00,0x00,0x00,
             -0x00,0x00,0x00,0x00,0x00,0x00,0x00,0x00,0x00,0x00,0x00,0x00,0x00,0x00,0x00},/*"~",94*/
 399          };
 400          
 401          const unsigned char code F32X32[][16*8]={
 402          
 403          {0x00,0x00,0x00,0x00,0x00,0x00,0x00,0x00,0x00,0x00,0x00,0x00,0x00,0x00,0x00,0x00,0x00,0x80,0xF8,0x38,0x18,
             -0x18,0x18,0xF8,0xF8,0x18,0x18,0x18,0x38,0xF8,0x00,0x00,0x00,0x1F,0x01,0x00,0x00,0x00,0x00,0xFF,0xFF,0x00,0x00,0x00,0x00,
             -0x01,0x1E,0x00,0x00,0x00,0x00,0x00,0x00,0x00,0x00,0xFF,0xFF,0x00,0x00,0x00,0x00,0x00,0x00,0x00,0x00,0x00,0x00,0x00,0x00,
             -0x00,0x00,0xFF,0xFF,0x00,0x00,0x00,0x00,0x00,0x00,0x00,0x00,0x00,0x00,0x00,0x00,0x00,0x00,0xFF,0xFF,0x00,0x00,0x00,0x00,
             -0x00,0x00,0x00,0x00,0x00,0x00,0x00,0x00,0x30,0x30,0x3F,0x3F,0x30,0x30,0x00,0x00,0x00,0x00,0x00,0x00,0x00,0x00,0x00,0x00,
             -0x00,0x00,0x00,0x00,0x00,0x00,0x00,0x00,0x00,0x00,0x00},/*"T",0*/
 404          {0x00,0x00,0x00,0x00,0x00,0x00,0x00,0x00,0x00,0x00,0x00,0x00,0x00,0x00,0x00,0x00,0x00,0x00,0x00,0x00,0x00,
             -0x00,0x00,0x00,0x00,0x00,0x00,0x00,0x00,0x00,0x00,0x00,0x00,0x00,0x00,0x00,0x00,0x00,0x00,0x00,0x00,0x00,0x00,0x00,0x00,
             -0x00,0x00,0x00,0x00,0x07,0x07,0x07,0x07,0x07,0x07,0x07,0x07,0x07,0x07,0x07,0x07,0x07,0x07,0x00,0x00,0xE0,0xE0,0xE0,0xE0,
             -0xE0,0xE0,0xE0,0xE0,0xE0,0xE0,0xE0,0xE0,0xE0,0xE0,0x00,0x00,0x00,0x00,0x00,0x00,0x00,0x00,0x00,0x00,0x00,0x00,0x00,0x00,
             -0x00,0x00,0x00,0x00,0x00,0x00,0x00,0x00,0x00,0x00,0x00,0x00,0x00,0x00,0x00,0x00,0x00,0x00,0x00,0x00,0x00,0x00,0x00,0x00,
             -0x00,0x00,0x00,0x00,0x00,0x00,0x00,0x00,0x00,0x00,0x00},/*"=",1*/
 405          {0x00,0x00,0x00,0x00,0x00,0x00,0x00,0x00,0x00,0x00,0x00,0x00,0x00,0x00,0x00,0x00,0x00,0x00,0x00,0x00,0x00,
             -0x00,0x00,0x00,0x00,0x00,0x00,0x00,0x00,0x00,0x00,0x00,0x00,0x00,0x00,0x00,0x00,0x00,0x00,0x00,0x00,0x00,0x00,0x00,0x00,
             -0x00,0x00,0x00,0x00,0xC0,0xC0,0xC0,0xC0,0xC0,0xC0,0xC0,0xC0,0xC0,0xC0,0xC0,0xC0,0xC0,0xC0,0x00,0x00,0x01,0x01,0x01,0x01,
             -0x01,0x01,0x01,0x01,0x01,0x01,0x01,0x01,0x01,0x01,0x00,0x00,0x00,0x00,0x00,0x00,0x00,0x00,0x00,0x00,0x00,0x00,0x00,0x00,
             -0x00,0x00,0x00,0x00,0x00,0x00,0x00,0x00,0x00,0x00,0x00,0x00,0x00,0x00,0x00,0x00,0x00,0x00,0x00,0x00,0x00,0x00,0x00,0x00,
             -0x00,0x00,0x00,0x00,0x00,0x00,0x00,0x00,0x00,0x00,0x00},/*"-",2*/
 406          {0x00,0x00,0x00,0x00,0x00,0x00,0x00,0x00,0x00,0x00,0x00,0x00,0x00,0x00,0x00,0x00,0x00,0x00,0x00,0x00,0x00,
             -0x00,0x00,0x00,0x00,0x00,0x00,0x00,0x00,0x00,0x00,0x00,0x00,0x00,0x00,0x00,0x00,0x00,0x00,0x00,0xFF,0x00,0x00,0x00,0x00,
             -0x00,0x00,0x00,0x00,0xC0,0xC0,0xC0,0xC0,0xC0,0xC0,0xC0,0xFF,0xC0,0xC0,0xC0,0xC0,0xC0,0xC0,0x00,0x00,0x01,0x01,0x01,0x01,
             -0x01,0x01,0x01,0xFF,0x01,0x01,0x01,0x01,0x01,0x01,0x00,0x00,0x00,0x00,0x00,0x00,0x00,0x00,0x00,0x7F,0x00,0x00,0x00,0x00,
             -0x00,0x00,0x00,0x00,0x00,0x00,0x00,0x00,0x00,0x00,0x00,0x00,0x00,0x00,0x00,0x00,0x00,0x00,0x00,0x00,0x00,0x00,0x00,0x00,
             -0x00,0x00,0x00,0x00,0x00,0x00,0x00,0x00,0x00,0x00,0x00},/*"+",3*/
 407          {0x00,0x00,0x00,0x00,0x00,0x00,0x00,0x00,0x00,0x00,0x00,0x00,0x00,0x00,0x00,0x00,0x00,0x00,0x00,0x00,0x00,
             -0x00,0x00,0x00,0x00,0x00,0x00,0x00,0x00,0x00,0x00,0x00,0x00,0x00,0x00,0x00,0x00,0x00,0x00,0x00,0x00,0x00,0x00,0x00,0x00,
             -0x00,0x00,0x00,0x00,0x00,0x00,0x00,0x00,0x00,0x00,0x00,0x00,0x00,0x00,0x00,0x00,0x00,0x00,0x00,0x00,0x00,0x00,0x00,0x00,
             -0x00,0x00,0x00,0x00,0x00,0x00,0x00,0x00,0x00,0x00,0x00,0x00,0x00,0x00,0x80,0x80,0x00,0x00,0x00,0x00,0x00,0x00,0x00,0x00,
             -0x00,0x00,0x00,0x00,0x00,0x1E,0x7F,0x7F,0x1E,0x00,0x00,0x00,0x00,0x00,0x00,0x00,0x00,0x00,0x00,0x00,0x00,0x00,0x00,0x00,
             -0x00,0x00,0x00,0x00,0x00,0x00,0x00,0x00,0x00,0x00,0x00},/*".",4*/
 408          {0x00,0x00,0x00,0x00,0x00,0x00,0x00,0x00,0x00,0x00,0x00,0x00,0x00,0x00,0x00,0x00,
 409          0x00,0x00,0x00,0x00,0xC0,0xF0,0x38,0x18,0x18,0x38,0xF0,0xC0,0x00,0x00,0x00,0x00,
 410          0x00,0x00,0xF0,0xFF,0x1F,0x00,0x00,0x00,0x00,0x00,0x00,0x3F,0xFF,0xF0,0x00,0x00,
 411          0x00,0x00,0xFF,0xFF,0x00,0x00,0x00,0x00,0x00,0x00,0x00,0x00,0xFF,0xFF,0x00,0x00,
 412          0x00,0x01,0xFF,0xFF,0x00,0x00,0x00,0x00,0x00,0x00,0x00,0x00,0xFF,0xFF,0x00,0x00,
 413          0x00,0x00,0x1F,0xFF,0xF0,0x00,0x00,0x00,0x00,0x00,0x00,0xF0,0xFF,0x1F,0x00,0x00,
 414          0x00,0x00,0x00,0x01,0x0F,0x1E,0x38,0x30,0x30,0x38,0x1E,0x07,0x01,0x00,0x00,0x00,
 415          0x00,0x00,0x00,0x00,0x00,0x00,0x00,0x00,0x00,0x00,0x00,0x00,0x00,0x00,0x00,0x00,},/*"0",5*/
 416          {0x00,0x00,0x00,0x00,0x00,0x00,0x00,0x00,0x00,0x00,0x00,0x00,0x00,0x00,0x00,0x00,0x00,0x00,0x00,0x00,0xC0,
             -0xC0,0xC0,0xE0,0xF8,0x00,0x00,0x00,0x00,0x00,0x00,0x00,0x00,0x00,0x00,0x00,0x00,0x00,0x00,0xFF,0xFF,0x00,0x00,0x00,0x00,
             -0x00,0x00,0x00,0x00,0x00,0x00,0x00,0x00,0x00,0x00,0xFF,0xFF,0x00,0x00,0x00,0x00,0x00,0x00,0x00,0x00,0x00,0x00,0x00,0x00,
             -0x00,0x00,0xFF,0xFF,0x00,0x00,0x00,0x00,0x00,0x00,0x00,0x00,0x00,0x00,0x00,0x00,0x00,0x00,0xFF,0xFF,0x00,0x00,0x00,0x00,
             -0x00,0x00,0x00,0x00,0x00,0x00,0x00,0x30,0x30,0x30,0x3F,0x3F,0x38,0x30,0x30,0x30,0x00,0x00,0x00,0x00,0x00,0x00,0x00,0x00,
             -0x00,0x00,0x00,0x00,0x00,0x00,0x00,0x00,0x00,0x00,0x00},/*"1",6*/
 417          {0x00,0x00,0x00,0x00,0x00,0x00,0x00,0x00,0x00,0x00,0x00,0x00,0x00,0x00,0x00,0x00,0x00,0x00,0x00,0xC0,0x60,
             -0x30,0x18,0x18,0x18,0x18,0x70,0xF0,0xC0,0x00,0x00,0x00,0x00,0x00,0xFE,0xFF,0xE0,0x00,0x00,0x00,0x00,0x00,0x00,0x07,0xFF,
             -0xFC,0x00,0x00,0x00,0x00,0x00,0x01,0x01,0x00,0x00,0x00,0x00,0x00,0xE0,0xFF,0x1F,0x01,0x00,0x00,0x00,0x00,0x00,0x00,0x00,
             -0x00,0x80,0xE0,0x38,0x0F,0x03,0x00,0x00,0x00,0x00,0x00,0x00,0x00,0x00,0xE0,0x38,0x0E,0x03,0x00,0x00,0x00,0x00,0x00,0x00,
             -0xF8,0x00,0x00,0x00,0x00,0x3F,0x3D,0x3C,0x3C,0x3C,0x3C,0x3C,0x3C,0x3C,0x3C,0x3F,0x03,0x00,0x00,0x00,0x00,0x00,0x00,0x00,
             -0x00,0x00,0x00,0x00,0x00,0x00,0x00,0x00,0x00,0x00,0x00},/*"2",7*/
 418          {0x00,0x00,0x00,0x00,0x00,0x00,0x00,0x00,0x00,0x00,0x00,0x00,0x00,0x00,0x00,0x00,0x00,0x00,0x00,0xC0,0x70,
C51 COMPILER V9.55   OLED_FONG                                                             05/20/2024 14:30:33 PAGE 10  

             -0x18,0x18,0x18,0x18,0x38,0xF0,0xC0,0x00,0x00,0x00,0x00,0x00,0x00,0x3E,0x7F,0x38,0x00,0x00,0x00,0x00,0x00,0x01,0xFF,0xFF,
             -0x00,0x00,0x00,0x00,0x00,0x00,0x00,0x00,0x00,0xC0,0xC0,0xC0,0xF0,0x3C,0x0F,0x03,0x00,0x00,0x00,0x00,0x00,0x00,0x00,0x00,
             -0x00,0x00,0x00,0x00,0x01,0x07,0x3E,0xF8,0xC0,0x00,0x00,0x00,0x00,0xF8,0xF8,0xF0,0x00,0x00,0x00,0x00,0x00,0x00,0x80,0xFF,
             -0x7F,0x00,0x00,0x00,0x00,0x03,0x0F,0x18,0x30,0x20,0x20,0x20,0x30,0x1C,0x0F,0x03,0x00,0x00,0x00,0x00,0x00,0x00,0x00,0x00,
             -0x00,0x00,0x00,0x00,0x00,0x00,0x00,0x00,0x00,0x00,0x00},/*"3",8*/
 419          {0x00,0x00,0x00,0x00,0x00,0x00,0x00,0x00,0x00,0x00,0x00,0x00,0x00,0x00,0x00,0x00,0x00,0x00,0x00,0x00,0x00,
             -0x00,0x00,0x00,0x00,0xE0,0xF8,0xF8,0x00,0x00,0x00,0x00,0x00,0x00,0x00,0x00,0x00,0x00,0x80,0x78,0x0F,0xFF,0xFF,0xFF,0x00,
             -0x00,0x00,0x00,0x00,0x00,0x00,0x00,0xE0,0x1C,0x03,0x00,0x00,0xFF,0xFF,0xFF,0x00,0x00,0x00,0x00,0x00,0x80,0xF8,0x8F,0x80,
             -0x80,0x80,0x80,0x80,0xFF,0xFF,0xFF,0x80,0x80,0x80,0x00,0x00,0x01,0x01,0x01,0x01,0x01,0x01,0x01,0x01,0xFF,0xFF,0xFF,0x01,
             -0x01,0x01,0x00,0x00,0x00,0x00,0x00,0x00,0x00,0x30,0x30,0x30,0x3F,0x3F,0x3F,0x30,0x30,0x30,0x00,0x00,0x00,0x00,0x00,0x00,
             -0x00,0x00,0x00,0x00,0x00,0x00,0x00,0x00,0x00,0x00,0x00},/*"4",9*/
 420          {0x00,0x00,0x00,0x00,0x00,0x00,0x00,0x00,0x00,0x00,0x00,0x00,0x00,0x00,0x00,0x00,0x00,0x00,0x00,0xF8,0x78,
             -0x78,0x78,0x78,0x78,0x78,0x78,0x78,0x78,0x18,0x00,0x00,0x00,0x00,0x00,0xFF,0x00,0x00,0x00,0x00,0x00,0x00,0x00,0x00,0x00,
             -0x00,0x00,0x00,0x00,0x00,0x00,0xFF,0xC0,0x30,0x18,0x18,0x18,0x38,0x78,0xF0,0xC0,0x00,0x00,0x00,0x00,0x00,0x00,0x03,0x00,
             -0x00,0x00,0x00,0x00,0x00,0x00,0x07,0xFF,0xFC,0x00,0x00,0x00,0x00,0xFC,0xFC,0x38,0x00,0x00,0x00,0x00,0x00,0x00,0xC0,0xFF,
             -0x7F,0x00,0x00,0x00,0x00,0x03,0x0F,0x18,0x30,0x20,0x20,0x20,0x30,0x1C,0x0F,0x03,0x00,0x00,0x00,0x00,0x00,0x00,0x00,0x00,
             -0x00,0x00,0x00,0x00,0x00,0x00,0x00,0x00,0x00,0x00,0x00},/*"5",10*/
 421          {0x00,0x00,0x00,0x00,0x00,0x00,0x00,0x00,0x00,0x00,0x00,0x00,0x00,0x00,0x00,0x00,0x00,0x00,0x00,0x00,0x80,
             -0xE0,0x30,0x18,0x18,0x18,0x18,0xF0,0xE0,0x00,0x00,0x00,0x00,0x00,0xE0,0xFE,0x0F,0x00,0x00,0x00,0x00,0x00,0x00,0x07,0x07,
             -0x00,0x00,0x00,0x00,0x00,0xFF,0xFF,0x80,0xE0,0x30,0x38,0x18,0x38,0x78,0xF0,0xE0,0x00,0x00,0x00,0x00,0x04,0xFF,0xFF,0x07,
             -0x00,0x00,0x00,0x00,0x00,0x00,0x01,0xFF,0xFF,0x00,0x00,0x00,0x00,0x7F,0xFF,0xC0,0x00,0x00,0x00,0x00,0x00,0x00,0x00,0xFF,
             -0xFF,0x00,0x00,0x00,0x00,0x00,0x03,0x0F,0x1C,0x30,0x20,0x20,0x30,0x30,0x1E,0x07,0x00,0x00,0x00,0x00,0x00,0x00,0x00,0x00,
             -0x00,0x00,0x00,0x00,0x00,0x00,0x00,0x00,0x00,0x00,0x00},/*"6",11*/
 422          {0x00,0x00,0x00,0x00,0x00,0x00,0x00,0x00,0x00,0x00,0x00,0x00,0x00,0x00,0x00,0x00,0x00,0x00,0x00,0xF8,0xF8,
             -0x78,0x78,0x78,0x78,0x78,0x78,0x78,0xF8,0x78,0x00,0x00,0x00,0x00,0x3F,0x03,0x00,0x00,0x00,0x00,0x00,0x00,0xC0,0x3C,0x07,
             -0x00,0x00,0x00,0x00,0x00,0x00,0x00,0x00,0x00,0x00,0x00,0xC0,0xFC,0x07,0x00,0x00,0x00,0x00,0x00,0x00,0x00,0x00,0x00,0x00,
             -0x00,0x00,0xFC,0xFF,0x00,0x00,0x00,0x00,0x00,0x00,0x00,0x00,0x00,0x00,0x00,0x00,0x00,0xFF,0xFF,0xC0,0x00,0x00,0x00,0x00,
             -0x00,0x00,0x00,0x00,0x00,0x00,0x00,0x00,0x00,0x3F,0x3F,0x07,0x00,0x00,0x00,0x00,0x00,0x00,0x00,0x00,0x00,0x00,0x00,0x00,
             -0x00,0x00,0x00,0x00,0x00,0x00,0x00,0x00,0x00,0x00,0x00},/*"7",12*/
 423          {0x00,0x00,0x00,0x00,0x00,0x00,0x00,0x00,0x00,0x00,0x00,0x00,0x00,0x00,0x00,0x00,0x00,0x00,0x00,0xC0,0x70,
             -0x38,0x18,0x18,0x18,0x18,0x30,0xE0,0xC0,0x00,0x00,0x00,0x00,0x00,0xFF,0xFF,0x00,0x00,0x00,0x00,0x00,0x00,0x00,0x00,0xFF,
             -0xFE,0x00,0x00,0x00,0x00,0x03,0x0F,0x3F,0xFC,0xF0,0xE0,0xC0,0xC0,0x70,0x1C,0x0F,0x01,0x00,0x00,0x00,0x00,0xF0,0x7C,0x0E,
             -0x01,0x00,0x01,0x03,0x0F,0x1F,0xFE,0xF8,0xC0,0x00,0x00,0x00,0x3E,0xFF,0x00,0x00,0x00,0x00,0x00,0x00,0x00,0x00,0x00,0xFF,
             -0xFF,0x00,0x00,0x00,0x00,0x03,0x0F,0x1C,0x30,0x30,0x20,0x20,0x30,0x38,0x1E,0x07,0x00,0x00,0x00,0x00,0x00,0x00,0x00,0x00,
             -0x00,0x00,0x00,0x00,0x00,0x00,0x00,0x00,0x00,0x00,0x00},/*"8",13*/
 424          {0x00,0x00,0x00,0x00,0x00,0x00,0x00,0x00,0x00,0x00,0x00,0x00,0x00,0x00,0x00,0x00,0x00,0x00,0x00,0xC0,0xF0,
             -0x38,0x18,0x18,0x18,0x18,0x70,0xE0,0x00,0x00,0x00,0x00,0x00,0xC0,0xFF,0xFF,0x00,0x00,0x00,0x00,0x00,0x00,0x00,0x07,0xFF,
             -0xF0,0x00,0x00,0x00,0x0F,0xFF,0xFF,0x00,0x00,0x00,0x00,0x00,0x00,0x00,0xE0,0xFF,0xFF,0x00,0x00,0x00,0x00,0x03,0x0F,0x1E,
             -0x38,0x30,0x30,0x38,0x1C,0x07,0x81,0xFF,0xFF,0x00,0x00,0x00,0x00,0x00,0xC0,0xC0,0x00,0x00,0x00,0x00,0x00,0x80,0xFF,0x7F,
             -0x03,0x00,0x00,0x00,0x00,0x00,0x1F,0x3F,0x30,0x60,0x20,0x30,0x1C,0x0F,0x03,0x00,0x00,0x00,0x00,0x00,0x00,0x00,0x00,0x00,
             -0x00,0x00,0x00,0x00,0x00,0x00,0x00,0x00,0x00,0x00,0x00},/*"9",14*/
 425          {0x00,0x00,0x00,0x00,0x00,0x00,0x00,0x00,0x00,0x00,0x00,0x00,0x00,0x00,0x00,0x00,0x00,0x00,0x00,0x00,0xF0,
             -0x01,0x3F,0x00,0x10,0xC1,0xC3,0x00,0x10,0x61,0x00,0x07,0x10,0x31,0x00,0x06,0xE0,0x18,0x00,0x04,0x00,0x18,0x00,0x04,0x00,
             -0x0C,0x00,0x04,0x00,0x0C,0x00,0x04,0x00,0x0C,0x00,0x04,0x00,0x0C,0x00,0x00,0x00,0x0C,0x00,0x00,0x00,0x0C,0x00,0x00,0x00,
             -0x0C,0x00,0x00,0x00,0x0C,0x00,0x00,0x00,0x0C,0x00,0x00,0x00,0x0C,0x00,0x00,0x00,0x1C,0x00,0x00,0x00,0x18,0x00,0x00,0x00,
             -0x38,0x00,0x04,0x00,0x30,0x00,0x02,0x00,0xE0,0x80,0x01,0x00,0xC0,0xFF,0x00,0x00,0x00,0x1F,0x00,0x00,0x00,0x00,0x00,0x00,
             -0x00,0x00,0x00,0x00,0x00,0x00,0x00,0x00,0x00,0x00,0x00},/*"℃",15*/
 426          {0x00,0x00,0x00,0x00,0x00,0x00,0x00,0x00,0x00,0x00,0x00,0x00,0x00,0x00,0x00,0x00,
 427          0x00,0x00,0x00,0x00,0xC0,0xE0,0x30,0x18,0x18,0x18,0x18,0x30,0xF0,0xF8,0x00,0x00,
 428          0x00,0x00,0xF8,0xFF,0x0F,0x00,0x00,0x00,0x00,0x00,0x00,0x00,0x00,0x07,0x3C,0x00,
 429          0x00,0xFF,0xFF,0x0F,0x00,0x00,0x00,0x00,0x00,0x00,0x00,0x00,0x00,0x00,0x00,0x00,
 430          0x00,0xFF,0xFF,0xC0,0x00,0x00,0x00,0x00,0x00,0x00,0x00,0x00,0x00,0x00,0x00,0x00,
 431          0x00,0x03,0xFF,0xFF,0xC0,0x00,0x00,0x00,0x00,0x00,0x00,0x00,0x00,0xE0,0x1C,0x00,
 432          0x00,0x00,0x00,0x03,0x0F,0x1C,0x38,0x30,0x30,0x30,0x30,0x18,0x06,0x01,0x00,0x00,
 433          0x00,0x00,0x00,0x00,0x00,0x00,0x00,0x00,0x00,0x00,0x00,0x00,0x00,0x00,0x00,0x00,},//。16
 434          {0x00,0x00,0x00,0x00,0x00,0x00,0x00,0x00,0x00,0x00,0x00,0x00,0x00,0x00,0x00,0x00,
 435          0x00,0x00,0x00,0x00,0xF0,0xFC,0x1E,0x07,0x07,0x07,0x1E,0xFC,0xF0,0x00,0x00,0x00,
 436          0x00,0x00,0x00,0x00,0x07,0x1F,0x3C,0x70,0x70,0x70,0x3C,0x1F,0x07,0x00,0x00,0x00,
 437          0x00,0x00,0x00,0x00,0x00,0x00,0x00,0x00,0x00,0x00,0x00,0x00,0x00,0x00,0x00,0x00,
 438          0x00,0x00,0x00,0x00,0x00,0x00,0x00,0x00,0x00,0x00,0x00,0x00,0x00,0x00,0x00,0x00,
 439          0x00,0x00,0x00,0x00,0x00,0x00,0x00,0x00,0x00,0x00,0x00,0x00,0x00,0x00,0x00,0x00,
 440          0x00,0x00,0x00,0x00,0x00,0x00,0x00,0x00,0x00,0x00,0x00,0x00,0x00,0x00,0x00,0x00,
C51 COMPILER V9.55   OLED_FONG                                                             05/20/2024 14:30:33 PAGE 11  

 441          0x00,0x00,0x00,0x00,0x00,0x00,0x00,0x00,0x00,0x00,0x00,0x00,0x00,0x00,0x00,0x00,},//C 17
 442          {0x00,0x00,0x00,0x00,0x00,0x00,0x00,0x00,0x00,0x00,0x00,0x00,0x00,0x00,0x00,0x00,
 443          0x00,0x00,0x00,0x00,0x00,0x00,0x00,0x00,0x00,0x00,0x00,0x00,0x00,0x00,0x00,0x00,
 444          0x00,0x00,0x00,0x00,0x00,0x00,0x00,0x00,0x00,0x00,0x00,0x00,0x00,0x00,0x00,0x00,
 445          0x00,0x00,0x00,0x00,0x00,0x00,0x00,0x00,0x00,0x00,0x00,0x00,0x00,0x00,0x00,0x00,
 446          0x00,0x00,0x00,0x00,0x00,0x00,0x00,0x00,0x00,0x00,0x00,0x00,0x00,0x00,0x00,0x00,
 447          0x00,0x00,0x00,0x00,0x00,0x00,0x00,0x00,0x00,0x00,0x00,0x00,0x00,0x00,0x00,0x00,
 448          0x00,0x00,0x00,0x00,0x00,0x00,0x00,0x00,0x00,0x00,0x00,0x00,0x00,0x00,0x00,0x00,
 449          0x00,0x00,0x00,0x00,0x00,0x00,0x00,0x00,0x00,0x00,0x00,0x00,0x00,0x00,0x00,0x00,},//空 18
 450          
 451                  
 452          };


MODULE INFORMATION:   STATIC OVERLAYABLE
   CODE SIZE        =   ----    ----
   CONSTANT SIZE    =   9444    ----
   XDATA SIZE       =   ----    ----
   PDATA SIZE       =   ----    ----
   DATA SIZE        =   ----    ----
   IDATA SIZE       =   ----    ----
   BIT SIZE         =   ----    ----
   EDATA SIZE       =   ----    ----
   HDATA SIZE       =   ----    ----
   XDATA CONST SIZE =   ----    ----
   FAR CONST SIZE   =   ----    ----
END OF MODULE INFORMATION.


C51 COMPILATION COMPLETE.  0 WARNING(S),  0 ERROR(S)
