C51 COMPILER V9.55   PID                                                                   05/18/2024 15:35:37 PAGE 1   


C51 COMPILER V9.55, COMPILATION OF MODULE PID
OBJECT MODULE PLACED IN .\Objects\pid.obj
COMPILER INVOKED BY: D:\Ange_Y\C51\C51 keil\C51\BIN\C51.EXE pid.c OMF2 OPTIMIZE(8,SPEED) BROWSE DEBUG PRINT(.\Listings\p
                    -id.lst) OBJECT(.\Objects\pid.obj)

line level    source

   1          #include "pid.h"
   2          
   3          #define T_MAX 500L
   4          #define T_MIN -500L
   5          
   6          float stdTemp = 0.0;
   7          float temp;
   8          float Kp = 2000, Ki = 20, Kd = 100;      // 120 18 100
   9          static float Delta;
  10          static long tPWM = 70L;
  11          //目前稳定nPWM为47
  12          
  13          
  14          void PWM_PID(void){
  15   1              static float nDelta,LDelta;
  16   1              long P,D;
  17   1      
  18   1              Delta = temp-stdTemp;
  19   1              LED();
  20   1              if(Delta>0.5){ //温差大于0.5，快速降温
  21   2                      nPWM = 90L;
  22   2              }
  23   1              else if(Delta < -0.5)//温度低于-1.0，缓慢升温
  24   1              {
  25   2                      nPWM = 30L;
  26   2              }
  27   1              
  28   1              else
  29   1              {
  30   2                      if(Delta > 0){
  31   3                              P = (long)(Delta * Kp);
  32   3                              nDelta +=Delta * Ki;
  33   3                              if(nDelta > T_MAX) nDelta = T_MAX;
  34   3                              if(nDelta < T_MIN) nDelta = T_MIN;
  35   3                              D = (long)((Delta - LDelta)*Kd);
  36   3                              LDelta = Delta;
  37   3                              nPWM = tPWM + P/100L + (long)(fabs(nDelta)/100) + D/100L;       
  38   3                      }
  39   2                      else
  40   2                      {
  41   3                              P = (long)(fabs(Delta) * Kp);
  42   3                              nDelta +=Delta * Ki;
  43   3                              if(nDelta > T_MAX) nDelta = T_MAX;
  44   3                              if(nDelta < T_MIN) nDelta = T_MIN;
  45   3                              D = (long)(fabs(Delta - LDelta)*Kd);
  46   3                              LDelta = Delta;
  47   3                              nPWM = tPWM - P/100L - (long)(fabs(nDelta)/100) - D/100L;
  48   3                      }
  49   2              }
  50   1              if((nDelta == T_MAX||nDelta==T_MIN)&&(fabs(Delta)<0.4)) {
  51   2                      nDelta = 0;
  52   2                      tPWM = nPWM; 
  53   2              }
  54   1      }
C51 COMPILER V9.55   PID                                                                   05/18/2024 15:35:37 PAGE 2   

  55          void LED(void){
  56   1              static int n;
  57   1              if(fabs(Delta)<0.3)
  58   1                      n++;
  59   1              else
  60   1                      n = 0;
  61   1              if(fabs(Delta)<0.3&&n>10)
  62   1              {
  63   2                      LED_Red(1);
  64   2                      LED_Blue(0);
  65   2                      n = 100;
  66   2              }
  67   1              else
  68   1              {
  69   2                      
  70   2                      LED_Red(0);
  71   2                      LED_Blue(1);    
  72   2              }
  73   1      
  74   1      }


MODULE INFORMATION:   STATIC OVERLAYABLE
   CODE SIZE        =    996    ----
   CONSTANT SIZE    =   ----    ----
   XDATA SIZE       =   ----    ----
   PDATA SIZE       =   ----    ----
   DATA SIZE        =     38       8
   IDATA SIZE       =   ----    ----
   BIT SIZE         =   ----    ----
   EDATA SIZE       =   ----    ----
   HDATA SIZE       =   ----    ----
   XDATA CONST SIZE =   ----    ----
   FAR CONST SIZE   =   ----    ----
END OF MODULE INFORMATION.


C51 COMPILATION COMPLETE.  0 WARNING(S),  0 ERROR(S)
