C51 COMPILER V9.54   PWM                                                                   12/25/2024 14:15:46 PAGE 1   


C51 COMPILER V9.54, COMPILATION OF MODULE PWM
OBJECT MODULE PLACED IN .\Objects\pwm.obj
COMPILER INVOKED BY: E:\keil5\C51\BIN\C51.EXE pwm.c OMF2 OPTIMIZE(8,SPEED) BROWSE DEBUG PRINT(.\Listings\pwm.lst) OBJECT
                    -(.\Objects\pwm.obj)

line level    source

   1          #include "pwm.h"
   2          #include "intrins.h"
   3          
   4          #define FOSC    11059200L
   5          
   6          typedef unsigned char BYTE;
   7          typedef unsigned int WORD;
   8          
   9          #define CCP_S0 0x10                 //P_SW1.4
  10          #define CCP_S1 0x20                 //P_SW1.5
  11          #define DUTY nPWM
  12          //unsigned long nPWM;
  13          unsigned long CYCLE = 22118;     //定义PWM周期(最大值为32767)
  14          //unsigned long DUTY = 20L;         //定义占空比
  15          
  16          void PWM_Init(void)
  17          {
  18   1          P3M0 = 0x00;
  19   1          P3M1 = 0x00;
  20   1      
  21   1          P_SW2 |= 0x80;                      //使能访问XSFR
  22   1          PWMCFG = 0x00;                  //配置PWM的输出初始电平为低电平
  23   1          PWMCKS = 0x04;                  //选择PWM的时钟为Fosc/(0+1)
  24   1          PWMC = CYCLE;                   //设置PWM周期
  25   1          PWM2T1 = 0x0000;                //设置PWM2第1次反转的PWM计数
  26   1          PWM2T2 = CYCLE * DUTY / 100;    //设置PWM2第2次反转的PWM计数
  27   1                                          //占空比为(PWM2T2-PWM2T1)/PWMC
  28   1          PWM2CR = 0x00;                  //选择PWM2输出到P3.7,不使能PWM2中断
  29   1          PWMCR = 0x01;                   //使能PWM信号输出
  30   1          PWMCR |= 0x80;                  //使能PWM模块
  31   1          P_SW2 &= ~0x80;
  32   1      }
  33          


MODULE INFORMATION:   STATIC OVERLAYABLE
   CODE SIZE        =     82    ----
   CONSTANT SIZE    =   ----    ----
   XDATA SIZE       =   ----    ----
   PDATA SIZE       =   ----    ----
   DATA SIZE        =      4    ----
   IDATA SIZE       =   ----    ----
   BIT SIZE         =   ----    ----
   EDATA SIZE       =   ----    ----
   HDATA SIZE       =   ----    ----
   XDATA CONST SIZE =   ----    ----
   FAR CONST SIZE   =   ----    ----
END OF MODULE INFORMATION.


C51 COMPILATION COMPLETE.  0 WARNING(S),  0 ERROR(S)
