C51 COMPILER V9.55   UART                                                                  06/02/2024 15:34:36 PAGE 1   


C51 COMPILER V9.55, COMPILATION OF MODULE UART
OBJECT MODULE PLACED IN .\Objects\UART.obj
COMPILER INVOKED BY: D:\Ange_Y\C51\C51 keil\C51\BIN\C51.EXE UART.c OMF2 OPTIMIZE(8,SPEED) BROWSE DEBUG PRINT(.\Listings\
                    -UART.lst) OBJECT(.\Objects\UART.obj)

line level    source

   1          #include "UART.h"
   2          
   3          void UartInit(void)             //9600bps@11.0592MHz
   4          {
   5   1              SCON = 0x50;            //8位数据,可变波特率
   6   1              AUXR |= 0x40;           //定时器时钟1T模式
   7   1              AUXR &= 0xFE;           //串口1选择定时器1为波特率发生器
   8   1              TMOD &= 0x0F;           //设置定时器模式
   9   1              TL1 = 0xE0;                     //设置定时初始值
  10   1              TH1 = 0xFE;                     //设置定时初始值
  11   1              ET1 = 0;                        //禁止定时器中断
  12   1              TR1 = 1;                        //定时器1开始计时
  13   1              ES = 1;
  14   1              EA = 1;
  15   1      }
  16          
  17          
  18          void Serial_ser() interrupt 4
  19          {
  20   1              if(TI){
  21   2                      TI = 0 ;
  22   2              }
  23   1              if(RI){
  24   2                      RI = 0;
  25   2              }
  26   1      }
  27          void Send_Byte(unsigned char s)
  28          {
  29   1              SBUF = s;
  30   1              while(!TI);
  31   1              TI=0;
  32   1      }
  33          
  34          
  35          char putchar(char c)
  36          {
  37   1               Send_Byte(c);
  38   1              return c;
  39   1      }


MODULE INFORMATION:   STATIC OVERLAYABLE
   CODE SIZE        =     55    ----
   CONSTANT SIZE    =   ----    ----
   XDATA SIZE       =   ----    ----
   PDATA SIZE       =   ----    ----
   DATA SIZE        =   ----    ----
   IDATA SIZE       =   ----    ----
   BIT SIZE         =   ----    ----
   EDATA SIZE       =   ----    ----
   HDATA SIZE       =   ----    ----
   XDATA CONST SIZE =   ----    ----
   FAR CONST SIZE   =   ----    ----
END OF MODULE INFORMATION.

C51 COMPILER V9.55   UART                                                                  06/02/2024 15:34:36 PAGE 2   


C51 COMPILATION COMPLETE.  0 WARNING(S),  0 ERROR(S)
